21-Jan-2016 10:07:47.501 INFO [main] org.apache.catalina.startup.VersionLoggerListener.log Server version:        Apache Tomcat/8.0.30
21-Jan-2016 10:07:47.503 INFO [main] org.apache.catalina.startup.VersionLoggerListener.log Server built:          Dec 1 2015 22:30:46 UTC
21-Jan-2016 10:07:47.504 INFO [main] org.apache.catalina.startup.VersionLoggerListener.log Server number:         8.0.30.0
21-Jan-2016 10:07:47.504 INFO [main] org.apache.catalina.startup.VersionLoggerListener.log OS Name:               Linux
21-Jan-2016 10:07:47.504 INFO [main] org.apache.catalina.startup.VersionLoggerListener.log OS Version:            2.6.32-042stab111.12
21-Jan-2016 10:07:47.505 INFO [main] org.apache.catalina.startup.VersionLoggerListener.log Architecture:          amd64
21-Jan-2016 10:07:47.505 INFO [main] org.apache.catalina.startup.VersionLoggerListener.log Java Home:             /usr/java/jdk1.7.0_79/jre
21-Jan-2016 10:07:47.505 INFO [main] org.apache.catalina.startup.VersionLoggerListener.log JVM Version:           1.7.0_79-b15
21-Jan-2016 10:07:47.506 INFO [main] org.apache.catalina.startup.VersionLoggerListener.log JVM Vendor:            Oracle Corporation
21-Jan-2016 10:07:47.506 INFO [main] org.apache.catalina.startup.VersionLoggerListener.log CATALINA_BASE:         /opt/repo/versions/8.0.30
21-Jan-2016 10:07:47.506 INFO [main] org.apache.catalina.startup.VersionLoggerListener.log CATALINA_HOME:         /opt/repo/versions/8.0.30
21-Jan-2016 10:07:47.507 INFO [main] org.apache.catalina.startup.VersionLoggerListener.log Command line argument: -Djava.util.logging.config.file=/opt/repo/versions/8.0.30/conf/logging.properties
21-Jan-2016 10:07:47.507 INFO [main] org.apache.catalina.startup.VersionLoggerListener.log Command line argument: -Djava.util.logging.manager=org.apache.juli.ClassLoaderLogManager
21-Jan-2016 10:07:47.508 INFO [main] org.apache.catalina.startup.VersionLoggerListener.log Command line argument: -Xmn30M
21-Jan-2016 10:07:47.508 INFO [main] org.apache.catalina.startup.VersionLoggerListener.log Command line argument: -DReceiverIp=
21-Jan-2016 10:07:47.508 INFO [main] org.apache.catalina.startup.VersionLoggerListener.log Command line argument: -DMagicPort=
21-Jan-2016 10:07:47.509 INFO [main] org.apache.catalina.startup.VersionLoggerListener.log Command line argument: -Djvm=tomcat
21-Jan-2016 10:07:47.509 INFO [main] org.apache.catalina.startup.VersionLoggerListener.log Command line argument: -Xms32M
21-Jan-2016 10:07:47.509 INFO [main] org.apache.catalina.startup.VersionLoggerListener.log Command line argument: -Xmx733M
21-Jan-2016 10:07:47.509 INFO [main] org.apache.catalina.startup.VersionLoggerListener.log Command line argument: -Djava.awt.headless=true
21-Jan-2016 10:07:47.510 INFO [main] org.apache.catalina.startup.VersionLoggerListener.log Command line argument: -Djava.net.preferIPv4Stack=true
21-Jan-2016 10:07:47.510 INFO [main] org.apache.catalina.startup.VersionLoggerListener.log Command line argument: -DjvmRid=
21-Jan-2016 10:07:47.510 INFO [main] org.apache.catalina.startup.VersionLoggerListener.log Command line argument: -Dorg.apache.catalina.SESSION_COOKIE_NAME=JELSESSIONID
21-Jan-2016 10:07:47.511 INFO [main] org.apache.catalina.startup.VersionLoggerListener.log Command line argument: -Dorg.apache.catalina.SESSION_PARAMETER_NAME=jelsessionid
21-Jan-2016 10:07:47.511 INFO [main] org.apache.catalina.startup.VersionLoggerListener.log Command line argument: -Xminf0.1
21-Jan-2016 10:07:47.511 INFO [main] org.apache.catalina.startup.VersionLoggerListener.log Command line argument: -Xmaxf0.3
21-Jan-2016 10:07:47.512 INFO [main] org.apache.catalina.startup.VersionLoggerListener.log Command line argument: -XX:MaxPermSize=256m
21-Jan-2016 10:07:47.512 INFO [main] org.apache.catalina.startup.VersionLoggerListener.log Command line argument: -XX:+UseCompressedOops
21-Jan-2016 10:07:47.512 INFO [main] org.apache.catalina.startup.VersionLoggerListener.log Command line argument: -XX:+UseParNewGC
21-Jan-2016 10:07:47.513 INFO [main] org.apache.catalina.startup.VersionLoggerListener.log Command line argument: -Djava.endorsed.dirs=/opt/repo/versions/8.0.30/endorsed
21-Jan-2016 10:07:47.513 INFO [main] org.apache.catalina.startup.VersionLoggerListener.log Command line argument: -Dcatalina.base=/opt/repo/versions/8.0.30
21-Jan-2016 10:07:47.513 INFO [main] org.apache.catalina.startup.VersionLoggerListener.log Command line argument: -Dcatalina.home=/opt/repo/versions/8.0.30
21-Jan-2016 10:07:47.514 INFO [main] org.apache.catalina.startup.VersionLoggerListener.log Command line argument: -Djava.io.tmpdir=/opt/repo/versions/8.0.30/temp
21-Jan-2016 10:07:47.514 INFO [main] org.apache.catalina.core.AprLifecycleListener.lifecycleEvent The APR based Apache Tomcat Native library which allows optimal performance in production environments was not found on the java.library.path: /usr/java/packages/lib/amd64:/usr/lib64:/lib64:/lib:/usr/lib
21-Jan-2016 10:07:48.423 INFO [main] org.apache.coyote.AbstractProtocol.init Initializing ProtocolHandler ["http-nio-8080"]
21-Jan-2016 10:07:48.599 INFO [main] org.apache.tomcat.util.net.NioSelectorPool.getSharedSelector Using a shared selector for servlet write/read
21-Jan-2016 10:07:48.614 INFO [main] org.apache.coyote.AbstractProtocol.init Initializing ProtocolHandler ["ajp-nio-8009"]
21-Jan-2016 10:07:48.616 INFO [main] org.apache.tomcat.util.net.NioSelectorPool.getSharedSelector Using a shared selector for servlet write/read
21-Jan-2016 10:07:48.617 INFO [main] org.apache.catalina.startup.Catalina.load Initialization processed in 4313 ms
21-Jan-2016 10:07:49.185 INFO [main] org.apache.catalina.core.StandardService.startInternal Starting service Catalina
21-Jan-2016 10:07:49.195 INFO [main] org.apache.catalina.core.StandardEngine.startInternal Starting Servlet Engine: Apache Tomcat/8.0.30
21-Jan-2016 10:07:49.229 INFO [localhost-startStop-1] org.apache.catalina.startup.HostConfig.deployDirectory Deploying web application directory /opt/repo/versions/8.0.30/webapps/examples
21-Jan-2016 10:07:54.597 INFO [localhost-startStop-1] org.apache.catalina.startup.HostConfig.deployDirectory Deployment of web application directory /opt/repo/versions/8.0.30/webapps/examples has finished in 5,367 ms
21-Jan-2016 10:07:54.597 INFO [localhost-startStop-1] org.apache.catalina.startup.HostConfig.deployDirectory Deploying web application directory /opt/repo/versions/8.0.30/webapps/docs
21-Jan-2016 10:07:54.713 INFO [localhost-startStop-1] org.apache.catalina.startup.HostConfig.deployDirectory Deployment of web application directory /opt/repo/versions/8.0.30/webapps/docs has finished in 116 ms
21-Jan-2016 10:07:54.723 INFO [localhost-startStop-1] org.apache.catalina.startup.HostConfig.deployDirectory Deploying web application directory /opt/repo/versions/8.0.30/webapps/manager
21-Jan-2016 10:07:54.919 INFO [localhost-startStop-1] org.apache.catalina.startup.HostConfig.deployDirectory Deployment of web application directory /opt/repo/versions/8.0.30/webapps/manager has finished in 196 ms
21-Jan-2016 10:07:54.920 INFO [localhost-startStop-1] org.apache.catalina.startup.HostConfig.deployDirectory Deploying web application directory /opt/repo/versions/8.0.30/webapps/ROOT
21-Jan-2016 10:07:55.102 INFO [localhost-startStop-1] org.apache.catalina.startup.HostConfig.deployDirectory Deployment of web application directory /opt/repo/versions/8.0.30/webapps/ROOT has finished in 182 ms
21-Jan-2016 10:07:55.114 INFO [localhost-startStop-1] org.apache.catalina.startup.HostConfig.deployDirectory Deploying web application directory /opt/repo/versions/8.0.30/webapps/host-manager
21-Jan-2016 10:07:55.716 INFO [localhost-startStop-1] org.apache.catalina.startup.HostConfig.deployDirectory Deployment of web application directory /opt/repo/versions/8.0.30/webapps/host-manager has finished in 602 ms
21-Jan-2016 10:07:55.728 INFO [main] org.apache.coyote.AbstractProtocol.start Starting ProtocolHandler ["http-nio-8080"]
21-Jan-2016 10:07:55.811 INFO [main] org.apache.coyote.AbstractProtocol.start Starting ProtocolHandler ["ajp-nio-8009"]
21-Jan-2016 10:07:55.818 INFO [main] org.apache.catalina.startup.Catalina.start Server startup in 7200 ms
21-Jan-2016 10:13:50.489 INFO [main] org.apache.catalina.core.StandardServer.await A valid shutdown command was received via the shutdown port. Stopping the Server instance.
21-Jan-2016 10:13:50.490 INFO [main] org.apache.coyote.AbstractProtocol.pause Pausing ProtocolHandler ["http-nio-8080"]
21-Jan-2016 10:13:50.498 INFO [main] org.apache.coyote.AbstractProtocol.pause Pausing ProtocolHandler ["ajp-nio-8009"]
21-Jan-2016 10:13:50.499 INFO [main] org.apache.catalina.core.StandardService.stopInternal Stopping service Catalina
21-Jan-2016 10:13:50.786 INFO [main] org.apache.coyote.AbstractProtocol.stop Stopping ProtocolHandler ["http-nio-8080"]
21-Jan-2016 10:13:50.795 INFO [main] org.apache.coyote.AbstractProtocol.stop Stopping ProtocolHandler ["ajp-nio-8009"]
21-Jan-2016 10:13:50.796 INFO [main] org.apache.coyote.AbstractProtocol.destroy Destroying ProtocolHandler ["http-nio-8080"]
21-Jan-2016 10:13:50.797 INFO [main] org.apache.coyote.AbstractProtocol.destroy Destroying ProtocolHandler ["ajp-nio-8009"]
21-Jan-2016 10:13:56.288 INFO [main] org.apache.catalina.startup.VersionLoggerListener.log Server version:        Apache Tomcat/8.0.30
21-Jan-2016 10:13:56.291 INFO [main] org.apache.catalina.startup.VersionLoggerListener.log Server built:          Dec 1 2015 22:30:46 UTC
21-Jan-2016 10:13:56.291 INFO [main] org.apache.catalina.startup.VersionLoggerListener.log Server number:         8.0.30.0
21-Jan-2016 10:13:56.291 INFO [main] org.apache.catalina.startup.VersionLoggerListener.log OS Name:               Linux
21-Jan-2016 10:13:56.292 INFO [main] org.apache.catalina.startup.VersionLoggerListener.log OS Version:            2.6.32-042stab111.12
21-Jan-2016 10:13:56.292 INFO [main] org.apache.catalina.startup.VersionLoggerListener.log Architecture:          amd64
21-Jan-2016 10:13:56.292 INFO [main] org.apache.catalina.startup.VersionLoggerListener.log Java Home:             /usr/java/jdk1.7.0_79/jre
21-Jan-2016 10:13:56.293 INFO [main] org.apache.catalina.startup.VersionLoggerListener.log JVM Version:           1.7.0_79-b15
21-Jan-2016 10:13:56.293 INFO [main] org.apache.catalina.startup.VersionLoggerListener.log JVM Vendor:            Oracle Corporation
21-Jan-2016 10:13:56.293 INFO [main] org.apache.catalina.startup.VersionLoggerListener.log CATALINA_BASE:         /opt/repo/versions/8.0.30
21-Jan-2016 10:13:56.294 INFO [main] org.apache.catalina.startup.VersionLoggerListener.log CATALINA_HOME:         /opt/repo/versions/8.0.30
21-Jan-2016 10:13:56.294 INFO [main] org.apache.catalina.startup.VersionLoggerListener.log Command line argument: -Djava.util.logging.config.file=/opt/repo/versions/8.0.30/conf/logging.properties
21-Jan-2016 10:13:56.295 INFO [main] org.apache.catalina.startup.VersionLoggerListener.log Command line argument: -Djava.util.logging.manager=org.apache.juli.ClassLoaderLogManager
21-Jan-2016 10:13:56.295 INFO [main] org.apache.catalina.startup.VersionLoggerListener.log Command line argument: -Xmn30M
21-Jan-2016 10:13:56.295 INFO [main] org.apache.catalina.startup.VersionLoggerListener.log Command line argument: -DReceiverIp=
21-Jan-2016 10:13:56.296 INFO [main] org.apache.catalina.startup.VersionLoggerListener.log Command line argument: -DMagicPort=
21-Jan-2016 10:13:56.296 INFO [main] org.apache.catalina.startup.VersionLoggerListener.log Command line argument: -Djvm=tomcat
21-Jan-2016 10:13:56.296 INFO [main] org.apache.catalina.startup.VersionLoggerListener.log Command line argument: -Xms32M
21-Jan-2016 10:13:56.297 INFO [main] org.apache.catalina.startup.VersionLoggerListener.log Command line argument: -Xmx733M
21-Jan-2016 10:13:56.297 INFO [main] org.apache.catalina.startup.VersionLoggerListener.log Command line argument: -Djava.awt.headless=true
21-Jan-2016 10:13:56.298 INFO [main] org.apache.catalina.startup.VersionLoggerListener.log Command line argument: -Djava.net.preferIPv4Stack=true
21-Jan-2016 10:13:56.298 INFO [main] org.apache.catalina.startup.VersionLoggerListener.log Command line argument: -DjvmRid=
21-Jan-2016 10:13:56.298 INFO [main] org.apache.catalina.startup.VersionLoggerListener.log Command line argument: -Dorg.apache.catalina.SESSION_COOKIE_NAME=JELSESSIONID
21-Jan-2016 10:13:56.299 INFO [main] org.apache.catalina.startup.VersionLoggerListener.log Command line argument: -Dorg.apache.catalina.SESSION_PARAMETER_NAME=jelsessionid
21-Jan-2016 10:13:56.299 INFO [main] org.apache.catalina.startup.VersionLoggerListener.log Command line argument: -Xminf0.1
21-Jan-2016 10:13:56.300 INFO [main] org.apache.catalina.startup.VersionLoggerListener.log Command line argument: -Xmaxf0.3
21-Jan-2016 10:13:56.300 INFO [main] org.apache.catalina.startup.VersionLoggerListener.log Command line argument: -XX:MaxPermSize=256m
21-Jan-2016 10:13:56.300 INFO [main] org.apache.catalina.startup.VersionLoggerListener.log Command line argument: -XX:+UseCompressedOops
21-Jan-2016 10:13:56.301 INFO [main] org.apache.catalina.startup.VersionLoggerListener.log Command line argument: -XX:+UseParNewGC
21-Jan-2016 10:13:56.301 INFO [main] org.apache.catalina.startup.VersionLoggerListener.log Command line argument: -Djava.endorsed.dirs=/opt/repo/versions/8.0.30/endorsed
21-Jan-2016 10:13:56.301 INFO [main] org.apache.catalina.startup.VersionLoggerListener.log Command line argument: -Dcatalina.base=/opt/repo/versions/8.0.30
21-Jan-2016 10:13:56.301 INFO [main] org.apache.catalina.startup.VersionLoggerListener.log Command line argument: -Dcatalina.home=/opt/repo/versions/8.0.30
21-Jan-2016 10:13:56.302 INFO [main] org.apache.catalina.startup.VersionLoggerListener.log Command line argument: -Djava.io.tmpdir=/opt/repo/versions/8.0.30/temp
21-Jan-2016 10:13:56.302 INFO [main] org.apache.catalina.core.AprLifecycleListener.lifecycleEvent The APR based Apache Tomcat Native library which allows optimal performance in production environments was not found on the java.library.path: /usr/java/packages/lib/amd64:/usr/lib64:/lib64:/lib:/usr/lib
21-Jan-2016 10:13:57.221 INFO [main] org.apache.coyote.AbstractProtocol.init Initializing ProtocolHandler ["http-nio-8080"]
21-Jan-2016 10:13:57.490 INFO [main] org.apache.tomcat.util.net.NioSelectorPool.getSharedSelector Using a shared selector for servlet write/read
21-Jan-2016 10:13:57.509 INFO [main] org.apache.coyote.AbstractProtocol.init Initializing ProtocolHandler ["ajp-nio-8009"]
21-Jan-2016 10:13:57.512 INFO [main] org.apache.tomcat.util.net.NioSelectorPool.getSharedSelector Using a shared selector for servlet write/read
21-Jan-2016 10:13:57.522 INFO [main] org.apache.catalina.startup.Catalina.load Initialization processed in 4815 ms
21-Jan-2016 10:13:58.130 INFO [main] org.apache.catalina.core.StandardService.startInternal Starting service Catalina
21-Jan-2016 10:13:58.191 INFO [main] org.apache.catalina.core.StandardEngine.startInternal Starting Servlet Engine: Apache Tomcat/8.0.30
21-Jan-2016 10:13:58.312 INFO [localhost-startStop-1] org.apache.catalina.startup.HostConfig.deployDirectory Deploying web application directory /opt/repo/versions/8.0.30/webapps/examples
21-Jan-2016 10:14:04.725 INFO [localhost-startStop-1] org.apache.catalina.startup.HostConfig.deployDirectory Deployment of web application directory /opt/repo/versions/8.0.30/webapps/examples has finished in 6,413 ms
21-Jan-2016 10:14:04.726 INFO [localhost-startStop-1] org.apache.catalina.startup.HostConfig.deployDirectory Deploying web application directory /opt/repo/versions/8.0.30/webapps/docs
21-Jan-2016 10:14:04.906 INFO [localhost-startStop-1] org.apache.catalina.startup.HostConfig.deployDirectory Deployment of web application directory /opt/repo/versions/8.0.30/webapps/docs has finished in 180 ms
21-Jan-2016 10:14:04.906 INFO [localhost-startStop-1] org.apache.catalina.startup.HostConfig.deployDirectory Deploying web application directory /opt/repo/versions/8.0.30/webapps/manager
21-Jan-2016 10:14:05.102 INFO [localhost-startStop-1] org.apache.catalina.startup.HostConfig.deployDirectory Deployment of web application directory /opt/repo/versions/8.0.30/webapps/manager has finished in 196 ms
21-Jan-2016 10:14:05.102 INFO [localhost-startStop-1] org.apache.catalina.startup.HostConfig.deployDirectory Deploying web application directory /opt/repo/versions/8.0.30/webapps/ROOT
21-Jan-2016 10:14:05.211 INFO [localhost-startStop-1] org.apache.catalina.startup.HostConfig.deployDirectory Deployment of web application directory /opt/repo/versions/8.0.30/webapps/ROOT has finished in 109 ms
21-Jan-2016 10:14:05.211 INFO [localhost-startStop-1] org.apache.catalina.startup.HostConfig.deployDirectory Deploying web application directory /opt/repo/versions/8.0.30/webapps/host-manager
21-Jan-2016 10:14:05.890 INFO [localhost-startStop-1] org.apache.catalina.startup.HostConfig.deployDirectory Deployment of web application directory /opt/repo/versions/8.0.30/webapps/host-manager has finished in 679 ms
21-Jan-2016 10:14:05.901 INFO [main] org.apache.coyote.AbstractProtocol.start Starting ProtocolHandler ["http-nio-8080"]
21-Jan-2016 10:14:05.984 INFO [main] org.apache.coyote.AbstractProtocol.start Starting ProtocolHandler ["ajp-nio-8009"]
21-Jan-2016 10:14:05.991 INFO [main] org.apache.catalina.startup.Catalina.start Server startup in 8467 ms
21-Jan-2016 10:15:24.229 INFO [main] org.apache.catalina.core.StandardServer.await A valid shutdown command was received via the shutdown port. Stopping the Server instance.
21-Jan-2016 10:15:24.286 INFO [main] org.apache.coyote.AbstractProtocol.pause Pausing ProtocolHandler ["http-nio-8080"]
21-Jan-2016 10:15:24.291 INFO [main] org.apache.coyote.AbstractProtocol.pause Pausing ProtocolHandler ["ajp-nio-8009"]
21-Jan-2016 10:15:24.292 INFO [main] org.apache.catalina.core.StandardService.stopInternal Stopping service Catalina
21-Jan-2016 10:15:24.422 INFO [main] org.apache.coyote.AbstractProtocol.stop Stopping ProtocolHandler ["http-nio-8080"]
21-Jan-2016 10:15:24.424 INFO [main] org.apache.coyote.AbstractProtocol.stop Stopping ProtocolHandler ["ajp-nio-8009"]
21-Jan-2016 10:15:24.425 INFO [main] org.apache.coyote.AbstractProtocol.destroy Destroying ProtocolHandler ["http-nio-8080"]
21-Jan-2016 10:15:24.426 INFO [main] org.apache.coyote.AbstractProtocol.destroy Destroying ProtocolHandler ["ajp-nio-8009"]
21-Jan-2016 10:15:30.221 INFO [main] org.apache.catalina.startup.VersionLoggerListener.log Server version:        Apache Tomcat/8.0.30
21-Jan-2016 10:15:30.223 INFO [main] org.apache.catalina.startup.VersionLoggerListener.log Server built:          Dec 1 2015 22:30:46 UTC
21-Jan-2016 10:15:30.224 INFO [main] org.apache.catalina.startup.VersionLoggerListener.log Server number:         8.0.30.0
21-Jan-2016 10:15:30.224 INFO [main] org.apache.catalina.startup.VersionLoggerListener.log OS Name:               Linux
21-Jan-2016 10:15:30.224 INFO [main] org.apache.catalina.startup.VersionLoggerListener.log OS Version:            2.6.32-042stab111.12
21-Jan-2016 10:15:30.224 INFO [main] org.apache.catalina.startup.VersionLoggerListener.log Architecture:          amd64
21-Jan-2016 10:15:30.225 INFO [main] org.apache.catalina.startup.VersionLoggerListener.log Java Home:             /usr/java/jdk1.7.0_79/jre
21-Jan-2016 10:15:30.225 INFO [main] org.apache.catalina.startup.VersionLoggerListener.log JVM Version:           1.7.0_79-b15
21-Jan-2016 10:15:30.225 INFO [main] org.apache.catalina.startup.VersionLoggerListener.log JVM Vendor:            Oracle Corporation
21-Jan-2016 10:15:30.226 INFO [main] org.apache.catalina.startup.VersionLoggerListener.log CATALINA_BASE:         /opt/repo/versions/8.0.30
21-Jan-2016 10:15:30.226 INFO [main] org.apache.catalina.startup.VersionLoggerListener.log CATALINA_HOME:         /opt/repo/versions/8.0.30
21-Jan-2016 10:15:30.227 INFO [main] org.apache.catalina.startup.VersionLoggerListener.log Command line argument: -Djava.util.logging.config.file=/opt/repo/versions/8.0.30/conf/logging.properties
21-Jan-2016 10:15:30.227 INFO [main] org.apache.catalina.startup.VersionLoggerListener.log Command line argument: -Djava.util.logging.manager=org.apache.juli.ClassLoaderLogManager
21-Jan-2016 10:15:30.227 INFO [main] org.apache.catalina.startup.VersionLoggerListener.log Command line argument: -Xmn30M
21-Jan-2016 10:15:30.228 INFO [main] org.apache.catalina.startup.VersionLoggerListener.log Command line argument: -DReceiverIp=
21-Jan-2016 10:15:30.228 INFO [main] org.apache.catalina.startup.VersionLoggerListener.log Command line argument: -DMagicPort=
21-Jan-2016 10:15:30.228 INFO [main] org.apache.catalina.startup.VersionLoggerListener.log Command line argument: -Djvm=tomcat
21-Jan-2016 10:15:30.229 INFO [main] org.apache.catalina.startup.VersionLoggerListener.log Command line argument: -Xms32M
21-Jan-2016 10:15:30.229 INFO [main] org.apache.catalina.startup.VersionLoggerListener.log Command line argument: -Xmx733M
21-Jan-2016 10:15:30.285 INFO [main] org.apache.catalina.startup.VersionLoggerListener.log Command line argument: -Djava.awt.headless=true
21-Jan-2016 10:15:30.285 INFO [main] org.apache.catalina.startup.VersionLoggerListener.log Command line argument: -Djava.net.preferIPv4Stack=true
21-Jan-2016 10:15:30.285 INFO [main] org.apache.catalina.startup.VersionLoggerListener.log Command line argument: -DjvmRid=
21-Jan-2016 10:15:30.286 INFO [main] org.apache.catalina.startup.VersionLoggerListener.log Command line argument: -Dorg.apache.catalina.SESSION_COOKIE_NAME=JELSESSIONID
21-Jan-2016 10:15:30.286 INFO [main] org.apache.catalina.startup.VersionLoggerListener.log Command line argument: -Dorg.apache.catalina.SESSION_PARAMETER_NAME=jelsessionid
21-Jan-2016 10:15:30.286 INFO [main] org.apache.catalina.startup.VersionLoggerListener.log Command line argument: -Xminf0.1
21-Jan-2016 10:15:30.287 INFO [main] org.apache.catalina.startup.VersionLoggerListener.log Command line argument: -Xmaxf0.3
21-Jan-2016 10:15:30.287 INFO [main] org.apache.catalina.startup.VersionLoggerListener.log Command line argument: -XX:MaxPermSize=256m
21-Jan-2016 10:15:30.288 INFO [main] org.apache.catalina.startup.VersionLoggerListener.log Command line argument: -XX:+UseCompressedOops
21-Jan-2016 10:15:30.288 INFO [main] org.apache.catalina.startup.VersionLoggerListener.log Command line argument: -XX:+UseParNewGC
21-Jan-2016 10:15:30.288 INFO [main] org.apache.catalina.startup.VersionLoggerListener.log Command line argument: -Djava.endorsed.dirs=/opt/repo/versions/8.0.30/endorsed
21-Jan-2016 10:15:30.289 INFO [main] org.apache.catalina.startup.VersionLoggerListener.log Command line argument: -Dcatalina.base=/opt/repo/versions/8.0.30
21-Jan-2016 10:15:30.289 INFO [main] org.apache.catalina.startup.VersionLoggerListener.log Command line argument: -Dcatalina.home=/opt/repo/versions/8.0.30
21-Jan-2016 10:15:30.289 INFO [main] org.apache.catalina.startup.VersionLoggerListener.log Command line argument: -Djava.io.tmpdir=/opt/repo/versions/8.0.30/temp
21-Jan-2016 10:15:30.290 INFO [main] org.apache.catalina.core.AprLifecycleListener.lifecycleEvent The APR based Apache Tomcat Native library which allows optimal performance in production environments was not found on the java.library.path: /usr/java/packages/lib/amd64:/usr/lib64:/lib64:/lib:/usr/lib
21-Jan-2016 10:15:31.299 INFO [main] org.apache.coyote.AbstractProtocol.init Initializing ProtocolHandler ["http-nio-8080"]
21-Jan-2016 10:15:31.490 INFO [main] org.apache.tomcat.util.net.NioSelectorPool.getSharedSelector Using a shared selector for servlet write/read
21-Jan-2016 10:15:31.517 INFO [main] org.apache.coyote.AbstractProtocol.init Initializing ProtocolHandler ["ajp-nio-8009"]
21-Jan-2016 10:15:31.520 INFO [main] org.apache.tomcat.util.net.NioSelectorPool.getSharedSelector Using a shared selector for servlet write/read
21-Jan-2016 10:15:31.521 INFO [main] org.apache.catalina.startup.Catalina.load Initialization processed in 4920 ms
21-Jan-2016 10:15:32.017 INFO [main] org.apache.catalina.core.StandardService.startInternal Starting service Catalina
21-Jan-2016 10:15:32.029 INFO [main] org.apache.catalina.core.StandardEngine.startInternal Starting Servlet Engine: Apache Tomcat/8.0.30
21-Jan-2016 10:15:32.291 INFO [localhost-startStop-1] org.apache.catalina.startup.HostConfig.deployWAR Deploying web application archive /opt/repo/versions/8.0.30/webapps/ROOT.war
21-Jan-2016 10:15:35.287 INFO [localhost-startStop-1] org.apache.catalina.startup.HostConfig.deployWAR Deployment of web application archive /opt/repo/versions/8.0.30/webapps/ROOT.war has finished in 2,995 ms
21-Jan-2016 10:15:35.289 INFO [localhost-startStop-1] org.apache.catalina.startup.HostConfig.deployDirectory Deploying web application directory /opt/repo/versions/8.0.30/webapps/examples
21-Jan-2016 10:15:37.325 INFO [localhost-startStop-1] org.apache.catalina.startup.HostConfig.deployDirectory Deployment of web application directory /opt/repo/versions/8.0.30/webapps/examples has finished in 2,035 ms
21-Jan-2016 10:15:37.325 INFO [localhost-startStop-1] org.apache.catalina.startup.HostConfig.deployDirectory Deploying web application directory /opt/repo/versions/8.0.30/webapps/docs
21-Jan-2016 10:15:37.503 INFO [localhost-startStop-1] org.apache.catalina.startup.HostConfig.deployDirectory Deployment of web application directory /opt/repo/versions/8.0.30/webapps/docs has finished in 178 ms
21-Jan-2016 10:15:37.504 INFO [localhost-startStop-1] org.apache.catalina.startup.HostConfig.deployDirectory Deploying web application directory /opt/repo/versions/8.0.30/webapps/manager
21-Jan-2016 10:15:37.715 INFO [localhost-startStop-1] org.apache.catalina.startup.HostConfig.deployDirectory Deployment of web application directory /opt/repo/versions/8.0.30/webapps/manager has finished in 211 ms
21-Jan-2016 10:15:37.727 INFO [localhost-startStop-1] org.apache.catalina.startup.HostConfig.deployDirectory Deploying web application directory /opt/repo/versions/8.0.30/webapps/host-manager
21-Jan-2016 10:15:38.318 INFO [localhost-startStop-1] org.apache.catalina.startup.HostConfig.deployDirectory Deployment of web application directory /opt/repo/versions/8.0.30/webapps/host-manager has finished in 590 ms
21-Jan-2016 10:15:38.411 INFO [main] org.apache.coyote.AbstractProtocol.start Starting ProtocolHandler ["http-nio-8080"]
21-Jan-2016 10:15:38.500 INFO [main] org.apache.coyote.AbstractProtocol.start Starting ProtocolHandler ["ajp-nio-8009"]
21-Jan-2016 10:15:38.518 INFO [main] org.apache.catalina.startup.Catalina.start Server startup in 6996 ms
21-Jan-2016 12:23:46.713 INFO [main] org.apache.catalina.core.StandardServer.await A valid shutdown command was received via the shutdown port. Stopping the Server instance.
21-Jan-2016 12:23:46.714 INFO [main] org.apache.coyote.AbstractProtocol.pause Pausing ProtocolHandler ["http-nio-8080"]
21-Jan-2016 12:23:46.718 INFO [main] org.apache.coyote.AbstractProtocol.pause Pausing ProtocolHandler ["ajp-nio-8009"]
21-Jan-2016 12:23:46.719 INFO [main] org.apache.catalina.core.StandardService.stopInternal Stopping service Catalina
21-Jan-2016 12:23:46.915 INFO [main] org.apache.coyote.AbstractProtocol.stop Stopping ProtocolHandler ["http-nio-8080"]
21-Jan-2016 12:23:47.020 INFO [main] org.apache.coyote.AbstractProtocol.stop Stopping ProtocolHandler ["ajp-nio-8009"]
21-Jan-2016 12:23:47.087 INFO [main] org.apache.coyote.AbstractProtocol.destroy Destroying ProtocolHandler ["http-nio-8080"]
21-Jan-2016 12:23:47.089 INFO [main] org.apache.coyote.AbstractProtocol.destroy Destroying ProtocolHandler ["ajp-nio-8009"]
21-Jan-2016 12:23:52.625 INFO [main] org.apache.catalina.startup.VersionLoggerListener.log Server version:        Apache Tomcat/8.0.30
21-Jan-2016 12:23:52.629 INFO [main] org.apache.catalina.startup.VersionLoggerListener.log Server built:          Dec 1 2015 22:30:46 UTC
21-Jan-2016 12:23:52.684 INFO [main] org.apache.catalina.startup.VersionLoggerListener.log Server number:         8.0.30.0
21-Jan-2016 12:23:52.687 INFO [main] org.apache.catalina.startup.VersionLoggerListener.log OS Name:               Linux
21-Jan-2016 12:23:52.688 INFO [main] org.apache.catalina.startup.VersionLoggerListener.log OS Version:            2.6.32-042stab111.12
21-Jan-2016 12:23:52.688 INFO [main] org.apache.catalina.startup.VersionLoggerListener.log Architecture:          amd64
21-Jan-2016 12:23:52.688 INFO [main] org.apache.catalina.startup.VersionLoggerListener.log Java Home:             /usr/java/jdk1.7.0_79/jre
21-Jan-2016 12:23:52.689 INFO [main] org.apache.catalina.startup.VersionLoggerListener.log JVM Version:           1.7.0_79-b15
21-Jan-2016 12:23:52.689 INFO [main] org.apache.catalina.startup.VersionLoggerListener.log JVM Vendor:            Oracle Corporation
21-Jan-2016 12:23:52.689 INFO [main] org.apache.catalina.startup.VersionLoggerListener.log CATALINA_BASE:         /opt/repo/versions/8.0.30
21-Jan-2016 12:23:52.690 INFO [main] org.apache.catalina.startup.VersionLoggerListener.log CATALINA_HOME:         /opt/repo/versions/8.0.30
21-Jan-2016 12:23:52.690 INFO [main] org.apache.catalina.startup.VersionLoggerListener.log Command line argument: -Djava.util.logging.config.file=/opt/repo/versions/8.0.30/conf/logging.properties
21-Jan-2016 12:23:52.690 INFO [main] org.apache.catalina.startup.VersionLoggerListener.log Command line argument: -Djava.util.logging.manager=org.apache.juli.ClassLoaderLogManager
21-Jan-2016 12:23:52.691 INFO [main] org.apache.catalina.startup.VersionLoggerListener.log Command line argument: -Xmn30M
21-Jan-2016 12:23:52.691 INFO [main] org.apache.catalina.startup.VersionLoggerListener.log Command line argument: -DReceiverIp=
21-Jan-2016 12:23:52.691 INFO [main] org.apache.catalina.startup.VersionLoggerListener.log Command line argument: -DMagicPort=
21-Jan-2016 12:23:52.692 INFO [main] org.apache.catalina.startup.VersionLoggerListener.log Command line argument: -Djvm=tomcat
21-Jan-2016 12:23:52.692 INFO [main] org.apache.catalina.startup.VersionLoggerListener.log Command line argument: -Xms32M
21-Jan-2016 12:23:52.692 INFO [main] org.apache.catalina.startup.VersionLoggerListener.log Command line argument: -Xmx733M
21-Jan-2016 12:23:52.693 INFO [main] org.apache.catalina.startup.VersionLoggerListener.log Command line argument: -Djava.awt.headless=true
21-Jan-2016 12:23:52.693 INFO [main] org.apache.catalina.startup.VersionLoggerListener.log Command line argument: -Djava.net.preferIPv4Stack=true
21-Jan-2016 12:23:52.693 INFO [main] org.apache.catalina.startup.VersionLoggerListener.log Command line argument: -DjvmRid=
21-Jan-2016 12:23:52.694 INFO [main] org.apache.catalina.startup.VersionLoggerListener.log Command line argument: -Dorg.apache.catalina.SESSION_COOKIE_NAME=JELSESSIONID
21-Jan-2016 12:23:52.694 INFO [main] org.apache.catalina.startup.VersionLoggerListener.log Command line argument: -Dorg.apache.catalina.SESSION_PARAMETER_NAME=jelsessionid
21-Jan-2016 12:23:52.695 INFO [main] org.apache.catalina.startup.VersionLoggerListener.log Command line argument: -javaagent:/opt/repo/versions/8.0.9/lib/jelastic-gc-agent.jar
21-Jan-2016 12:23:52.695 INFO [main] org.apache.catalina.startup.VersionLoggerListener.log Command line argument: -XX:-UseAdaptiveSizePolicy
21-Jan-2016 12:23:52.695 INFO [main] org.apache.catalina.startup.VersionLoggerListener.log Command line argument: -Xminf0.1
21-Jan-2016 12:23:52.695 INFO [main] org.apache.catalina.startup.VersionLoggerListener.log Command line argument: -Xmaxf0.3
21-Jan-2016 12:23:52.696 INFO [main] org.apache.catalina.startup.VersionLoggerListener.log Command line argument: -XX:MaxPermSize=256m
21-Jan-2016 12:23:52.696 INFO [main] org.apache.catalina.startup.VersionLoggerListener.log Command line argument: -XX:+UseCompressedOops
21-Jan-2016 12:23:52.696 INFO [main] org.apache.catalina.startup.VersionLoggerListener.log Command line argument: -XX:+UseParNewGC
21-Jan-2016 12:23:52.697 INFO [main] org.apache.catalina.startup.VersionLoggerListener.log Command line argument: -Djava.endorsed.dirs=/opt/repo/versions/8.0.30/endorsed
21-Jan-2016 12:23:52.697 INFO [main] org.apache.catalina.startup.VersionLoggerListener.log Command line argument: -Dcatalina.base=/opt/repo/versions/8.0.30
21-Jan-2016 12:23:52.697 INFO [main] org.apache.catalina.startup.VersionLoggerListener.log Command line argument: -Dcatalina.home=/opt/repo/versions/8.0.30
21-Jan-2016 12:23:52.698 INFO [main] org.apache.catalina.startup.VersionLoggerListener.log Command line argument: -Djava.io.tmpdir=/opt/repo/versions/8.0.30/temp
21-Jan-2016 12:23:52.698 INFO [main] org.apache.catalina.core.AprLifecycleListener.lifecycleEvent The APR based Apache Tomcat Native library which allows optimal performance in production environments was not found on the java.library.path: /usr/java/packages/lib/amd64:/usr/lib64:/lib64:/lib:/usr/lib
21-Jan-2016 12:23:54.198 INFO [main] org.apache.coyote.AbstractProtocol.init Initializing ProtocolHandler ["http-nio-8080"]
21-Jan-2016 12:23:54.391 INFO [main] org.apache.tomcat.util.net.NioSelectorPool.getSharedSelector Using a shared selector for servlet write/read
21-Jan-2016 12:23:54.423 INFO [main] org.apache.coyote.AbstractProtocol.init Initializing ProtocolHandler ["ajp-nio-8009"]
21-Jan-2016 12:23:54.426 INFO [main] org.apache.tomcat.util.net.NioSelectorPool.getSharedSelector Using a shared selector for servlet write/read
21-Jan-2016 12:23:54.490 INFO [main] org.apache.catalina.startup.Catalina.load Initialization processed in 5395 ms
21-Jan-2016 12:23:54.728 INFO [main] org.apache.catalina.core.StandardService.startInternal Starting service Catalina
21-Jan-2016 12:23:54.728 INFO [main] org.apache.catalina.core.StandardEngine.startInternal Starting Servlet Engine: Apache Tomcat/8.0.30
21-Jan-2016 12:23:55.097 INFO [localhost-startStop-1] org.apache.catalina.startup.HostConfig.deployWAR Deploying web application archive /opt/repo/versions/8.0.30/webapps/ROOT.war
21-Jan-2016 12:23:58.703 INFO [localhost-startStop-1] org.apache.jasper.servlet.TldScanner.scanJars At least one JAR was scanned for TLDs yet contained no TLDs. Enable debug logging for this logger for a complete list of JARs that were scanned but no TLDs were found in them. Skipping unneeded JARs during scanning can improve startup time and JSP compilation time.
21-Jan-2016 12:23:58.893 INFO [localhost-startStop-1] org.apache.catalina.startup.HostConfig.deployWAR Deployment of web application archive /opt/repo/versions/8.0.30/webapps/ROOT.war has finished in 3,795 ms
21-Jan-2016 12:23:58.895 INFO [localhost-startStop-1] org.apache.catalina.startup.HostConfig.deployDirectory Deploying web application directory /opt/repo/versions/8.0.30/webapps/examples
21-Jan-2016 12:24:00.610 INFO [localhost-startStop-1] org.apache.jasper.servlet.TldScanner.scanJars At least one JAR was scanned for TLDs yet contained no TLDs. Enable debug logging for this logger for a complete list of JARs that were scanned but no TLDs were found in them. Skipping unneeded JARs during scanning can improve startup time and JSP compilation time.
21-Jan-2016 12:24:00.822 INFO [localhost-startStop-1] org.apache.catalina.startup.HostConfig.deployDirectory Deployment of web application directory /opt/repo/versions/8.0.30/webapps/examples has finished in 1,927 ms
21-Jan-2016 12:24:00.892 INFO [localhost-startStop-1] org.apache.catalina.startup.HostConfig.deployDirectory Deploying web application directory /opt/repo/versions/8.0.30/webapps/docs
21-Jan-2016 12:24:01.498 INFO [localhost-startStop-1] org.apache.jasper.servlet.TldScanner.scanJars At least one JAR was scanned for TLDs yet contained no TLDs. Enable debug logging for this logger for a complete list of JARs that were scanned but no TLDs were found in them. Skipping unneeded JARs during scanning can improve startup time and JSP compilation time.
21-Jan-2016 12:24:01.502 INFO [localhost-startStop-1] org.apache.catalina.startup.HostConfig.deployDirectory Deployment of web application directory /opt/repo/versions/8.0.30/webapps/docs has finished in 610 ms
21-Jan-2016 12:24:01.502 INFO [localhost-startStop-1] org.apache.catalina.startup.HostConfig.deployDirectory Deploying web application directory /opt/repo/versions/8.0.30/webapps/manager
21-Jan-2016 12:24:01.616 INFO [localhost-startStop-1] org.apache.jasper.servlet.TldScanner.scanJars At least one JAR was scanned for TLDs yet contained no TLDs. Enable debug logging for this logger for a complete list of JARs that were scanned but no TLDs were found in them. Skipping unneeded JARs during scanning can improve startup time and JSP compilation time.
21-Jan-2016 12:24:01.622 INFO [localhost-startStop-1] org.apache.catalina.startup.HostConfig.deployDirectory Deployment of web application directory /opt/repo/versions/8.0.30/webapps/manager has finished in 120 ms
21-Jan-2016 12:24:01.623 INFO [localhost-startStop-1] org.apache.catalina.startup.HostConfig.deployDirectory Deploying web application directory /opt/repo/versions/8.0.30/webapps/host-manager
21-Jan-2016 12:24:01.894 INFO [localhost-startStop-1] org.apache.jasper.servlet.TldScanner.scanJars At least one JAR was scanned for TLDs yet contained no TLDs. Enable debug logging for this logger for a complete list of JARs that were scanned but no TLDs were found in them. Skipping unneeded JARs during scanning can improve startup time and JSP compilation time.
21-Jan-2016 12:24:01.925 INFO [localhost-startStop-1] org.apache.catalina.startup.HostConfig.deployDirectory Deployment of web application directory /opt/repo/versions/8.0.30/webapps/host-manager has finished in 302 ms
21-Jan-2016 12:24:02.014 INFO [main] org.apache.coyote.AbstractProtocol.start Starting ProtocolHandler ["http-nio-8080"]
21-Jan-2016 12:24:02.127 INFO [main] org.apache.coyote.AbstractProtocol.start Starting ProtocolHandler ["ajp-nio-8009"]
21-Jan-2016 12:24:02.207 INFO [main] org.apache.catalina.startup.Catalina.start Server startup in 7716 ms
21-Jan-2016 12:26:04.356 INFO [main] org.apache.catalina.core.StandardServer.await A valid shutdown command was received via the shutdown port. Stopping the Server instance.
21-Jan-2016 12:26:04.357 INFO [main] org.apache.coyote.AbstractProtocol.pause Pausing ProtocolHandler ["http-nio-8080"]
21-Jan-2016 12:26:04.385 INFO [main] org.apache.coyote.AbstractProtocol.pause Pausing ProtocolHandler ["ajp-nio-8009"]
21-Jan-2016 12:26:04.387 INFO [main] org.apache.catalina.core.StandardService.stopInternal Stopping service Catalina
21-Jan-2016 12:26:04.608 INFO [main] org.apache.coyote.AbstractProtocol.stop Stopping ProtocolHandler ["http-nio-8080"]
21-Jan-2016 12:26:04.691 INFO [main] org.apache.coyote.AbstractProtocol.stop Stopping ProtocolHandler ["ajp-nio-8009"]
21-Jan-2016 12:26:04.788 INFO [main] org.apache.coyote.AbstractProtocol.destroy Destroying ProtocolHandler ["http-nio-8080"]
21-Jan-2016 12:26:04.790 INFO [main] org.apache.coyote.AbstractProtocol.destroy Destroying ProtocolHandler ["ajp-nio-8009"]
21-Jan-2016 12:26:34.992 INFO [main] org.apache.catalina.startup.VersionLoggerListener.log Server version:        Apache Tomcat/8.0.30
21-Jan-2016 12:26:34.995 INFO [main] org.apache.catalina.startup.VersionLoggerListener.log Server built:          Dec 1 2015 22:30:46 UTC
21-Jan-2016 12:26:34.996 INFO [main] org.apache.catalina.startup.VersionLoggerListener.log Server number:         8.0.30.0
21-Jan-2016 12:26:34.996 INFO [main] org.apache.catalina.startup.VersionLoggerListener.log OS Name:               Linux
21-Jan-2016 12:26:34.997 INFO [main] org.apache.catalina.startup.VersionLoggerListener.log OS Version:            2.6.32-042stab111.12
21-Jan-2016 12:26:34.997 INFO [main] org.apache.catalina.startup.VersionLoggerListener.log Architecture:          amd64
21-Jan-2016 12:26:34.998 INFO [main] org.apache.catalina.startup.VersionLoggerListener.log Java Home:             /usr/java/jdk1.7.0_79/jre
21-Jan-2016 12:26:34.998 INFO [main] org.apache.catalina.startup.VersionLoggerListener.log JVM Version:           1.7.0_79-b15
21-Jan-2016 12:26:34.999 INFO [main] org.apache.catalina.startup.VersionLoggerListener.log JVM Vendor:            Oracle Corporation
21-Jan-2016 12:26:35.000 INFO [main] org.apache.catalina.startup.VersionLoggerListener.log CATALINA_BASE:         /opt/repo/versions/8.0.30
21-Jan-2016 12:26:35.000 INFO [main] org.apache.catalina.startup.VersionLoggerListener.log CATALINA_HOME:         /opt/repo/versions/8.0.30
21-Jan-2016 12:26:35.001 INFO [main] org.apache.catalina.startup.VersionLoggerListener.log Command line argument: -Djava.util.logging.config.file=/opt/repo/versions/8.0.30/conf/logging.properties
21-Jan-2016 12:26:35.001 INFO [main] org.apache.catalina.startup.VersionLoggerListener.log Command line argument: -Djava.util.logging.manager=org.apache.juli.ClassLoaderLogManager
21-Jan-2016 12:26:35.002 INFO [main] org.apache.catalina.startup.VersionLoggerListener.log Command line argument: -Xmn30M
21-Jan-2016 12:26:35.002 INFO [main] org.apache.catalina.startup.VersionLoggerListener.log Command line argument: -DReceiverIp=
21-Jan-2016 12:26:35.021 INFO [main] org.apache.catalina.startup.VersionLoggerListener.log Command line argument: -DMagicPort=
21-Jan-2016 12:26:35.022 INFO [main] org.apache.catalina.startup.VersionLoggerListener.log Command line argument: -Djvm=tomcat
21-Jan-2016 12:26:35.022 INFO [main] org.apache.catalina.startup.VersionLoggerListener.log Command line argument: -Xms32M
21-Jan-2016 12:26:35.022 INFO [main] org.apache.catalina.startup.VersionLoggerListener.log Command line argument: -Xmx733M
21-Jan-2016 12:26:35.022 INFO [main] org.apache.catalina.startup.VersionLoggerListener.log Command line argument: -Djava.awt.headless=true
21-Jan-2016 12:26:35.022 INFO [main] org.apache.catalina.startup.VersionLoggerListener.log Command line argument: -Djava.net.preferIPv4Stack=true
21-Jan-2016 12:26:35.022 INFO [main] org.apache.catalina.startup.VersionLoggerListener.log Command line argument: -DjvmRid=
21-Jan-2016 12:26:35.022 INFO [main] org.apache.catalina.startup.VersionLoggerListener.log Command line argument: -Dorg.apache.catalina.SESSION_COOKIE_NAME=JELSESSIONID
21-Jan-2016 12:26:35.023 INFO [main] org.apache.catalina.startup.VersionLoggerListener.log Command line argument: -Dorg.apache.catalina.SESSION_PARAMETER_NAME=jelsessionid
21-Jan-2016 12:26:35.023 INFO [main] org.apache.catalina.startup.VersionLoggerListener.log Command line argument: -javaagent:/opt/repo/versions/8.0.9/lib/jelastic-gc-agent.jar
21-Jan-2016 12:26:35.023 INFO [main] org.apache.catalina.startup.VersionLoggerListener.log Command line argument: -XX:-UseAdaptiveSizePolicy
21-Jan-2016 12:26:35.023 INFO [main] org.apache.catalina.startup.VersionLoggerListener.log Command line argument: -Xminf0.1
21-Jan-2016 12:26:35.023 INFO [main] org.apache.catalina.startup.VersionLoggerListener.log Command line argument: -Xmaxf0.3
21-Jan-2016 12:26:35.023 INFO [main] org.apache.catalina.startup.VersionLoggerListener.log Command line argument: -XX:MaxPermSize=256m
21-Jan-2016 12:26:35.023 INFO [main] org.apache.catalina.startup.VersionLoggerListener.log Command line argument: -XX:+UseCompressedOops
21-Jan-2016 12:26:35.024 INFO [main] org.apache.catalina.startup.VersionLoggerListener.log Command line argument: -XX:+UseParNewGC
21-Jan-2016 12:26:35.024 INFO [main] org.apache.catalina.startup.VersionLoggerListener.log Command line argument: -Djava.endorsed.dirs=/opt/repo/versions/8.0.30/endorsed
21-Jan-2016 12:26:35.024 INFO [main] org.apache.catalina.startup.VersionLoggerListener.log Command line argument: -Dcatalina.base=/opt/repo/versions/8.0.30
21-Jan-2016 12:26:35.024 INFO [main] org.apache.catalina.startup.VersionLoggerListener.log Command line argument: -Dcatalina.home=/opt/repo/versions/8.0.30
21-Jan-2016 12:26:35.024 INFO [main] org.apache.catalina.startup.VersionLoggerListener.log Command line argument: -Djava.io.tmpdir=/opt/repo/versions/8.0.30/temp
21-Jan-2016 12:26:35.024 INFO [main] org.apache.catalina.core.AprLifecycleListener.lifecycleEvent The APR based Apache Tomcat Native library which allows optimal performance in production environments was not found on the java.library.path: /usr/java/packages/lib/amd64:/usr/lib64:/lib64:/lib:/usr/lib
21-Jan-2016 12:26:36.329 INFO [main] org.apache.coyote.AbstractProtocol.init Initializing ProtocolHandler ["http-nio-8080"]
21-Jan-2016 12:26:36.598 INFO [main] org.apache.tomcat.util.net.NioSelectorPool.getSharedSelector Using a shared selector for servlet write/read
21-Jan-2016 12:26:36.620 INFO [main] org.apache.coyote.AbstractProtocol.init Initializing ProtocolHandler ["ajp-nio-8009"]
21-Jan-2016 12:26:36.623 INFO [main] org.apache.tomcat.util.net.NioSelectorPool.getSharedSelector Using a shared selector for servlet write/read
21-Jan-2016 12:26:36.684 INFO [main] org.apache.catalina.startup.Catalina.load Initialization processed in 5371 ms
21-Jan-2016 12:26:36.921 INFO [main] org.apache.catalina.core.StandardService.startInternal Starting service Catalina
21-Jan-2016 12:26:36.921 INFO [main] org.apache.catalina.core.StandardEngine.startInternal Starting Servlet Engine: Apache Tomcat/8.0.30
21-Jan-2016 12:26:37.202 INFO [localhost-startStop-1] org.apache.catalina.startup.HostConfig.deployWAR Deploying web application archive /opt/repo/versions/8.0.30/webapps/ROOT.war
21-Jan-2016 12:26:40.710 INFO [localhost-startStop-1] org.apache.jasper.servlet.TldScanner.scanJars At least one JAR was scanned for TLDs yet contained no TLDs. Enable debug logging for this logger for a complete list of JARs that were scanned but no TLDs were found in them. Skipping unneeded JARs during scanning can improve startup time and JSP compilation time.
21-Jan-2016 12:26:40.900 INFO [localhost-startStop-1] org.apache.catalina.startup.HostConfig.deployWAR Deployment of web application archive /opt/repo/versions/8.0.30/webapps/ROOT.war has finished in 3,697 ms
21-Jan-2016 12:26:40.902 INFO [localhost-startStop-1] org.apache.catalina.startup.HostConfig.deployDirectory Deploying web application directory /opt/repo/versions/8.0.30/webapps/examples
21-Jan-2016 12:26:42.812 INFO [localhost-startStop-1] org.apache.jasper.servlet.TldScanner.scanJars At least one JAR was scanned for TLDs yet contained no TLDs. Enable debug logging for this logger for a complete list of JARs that were scanned but no TLDs were found in them. Skipping unneeded JARs during scanning can improve startup time and JSP compilation time.
21-Jan-2016 12:26:43.411 INFO [localhost-startStop-1] org.apache.catalina.startup.HostConfig.deployDirectory Deployment of web application directory /opt/repo/versions/8.0.30/webapps/examples has finished in 2,509 ms
21-Jan-2016 12:26:43.412 INFO [localhost-startStop-1] org.apache.catalina.startup.HostConfig.deployDirectory Deploying web application directory /opt/repo/versions/8.0.30/webapps/docs
21-Jan-2016 12:26:43.600 INFO [localhost-startStop-1] org.apache.jasper.servlet.TldScanner.scanJars At least one JAR was scanned for TLDs yet contained no TLDs. Enable debug logging for this logger for a complete list of JARs that were scanned but no TLDs were found in them. Skipping unneeded JARs during scanning can improve startup time and JSP compilation time.
21-Jan-2016 12:26:43.609 INFO [localhost-startStop-1] org.apache.catalina.startup.HostConfig.deployDirectory Deployment of web application directory /opt/repo/versions/8.0.30/webapps/docs has finished in 196 ms
21-Jan-2016 12:26:43.609 INFO [localhost-startStop-1] org.apache.catalina.startup.HostConfig.deployDirectory Deploying web application directory /opt/repo/versions/8.0.30/webapps/manager
21-Jan-2016 12:26:43.725 INFO [localhost-startStop-1] org.apache.jasper.servlet.TldScanner.scanJars At least one JAR was scanned for TLDs yet contained no TLDs. Enable debug logging for this logger for a complete list of JARs that were scanned but no TLDs were found in them. Skipping unneeded JARs during scanning can improve startup time and JSP compilation time.
21-Jan-2016 12:26:43.788 INFO [localhost-startStop-1] org.apache.catalina.startup.HostConfig.deployDirectory Deployment of web application directory /opt/repo/versions/8.0.30/webapps/manager has finished in 179 ms
21-Jan-2016 12:26:43.789 INFO [localhost-startStop-1] org.apache.catalina.startup.HostConfig.deployDirectory Deploying web application directory /opt/repo/versions/8.0.30/webapps/host-manager
21-Jan-2016 12:26:43.917 INFO [localhost-startStop-1] org.apache.jasper.servlet.TldScanner.scanJars At least one JAR was scanned for TLDs yet contained no TLDs. Enable debug logging for this logger for a complete list of JARs that were scanned but no TLDs were found in them. Skipping unneeded JARs during scanning can improve startup time and JSP compilation time.
21-Jan-2016 12:26:43.922 INFO [localhost-startStop-1] org.apache.catalina.startup.HostConfig.deployDirectory Deployment of web application directory /opt/repo/versions/8.0.30/webapps/host-manager has finished in 133 ms
21-Jan-2016 12:26:43.999 INFO [main] org.apache.coyote.AbstractProtocol.start Starting ProtocolHandler ["http-nio-8080"]
21-Jan-2016 12:26:44.096 INFO [main] org.apache.coyote.AbstractProtocol.start Starting ProtocolHandler ["ajp-nio-8009"]
21-Jan-2016 12:26:44.110 INFO [main] org.apache.catalina.startup.Catalina.start Server startup in 7424 ms
21-Jan-2016 12:27:31.025 INFO [main] org.apache.catalina.core.StandardServer.await A valid shutdown command was received via the shutdown port. Stopping the Server instance.
21-Jan-2016 12:27:31.026 INFO [main] org.apache.coyote.AbstractProtocol.pause Pausing ProtocolHandler ["http-nio-8080"]
21-Jan-2016 12:27:31.031 INFO [main] org.apache.coyote.AbstractProtocol.pause Pausing ProtocolHandler ["ajp-nio-8009"]
21-Jan-2016 12:27:31.032 INFO [main] org.apache.catalina.core.StandardService.stopInternal Stopping service Catalina
21-Jan-2016 12:27:31.124 INFO [main] org.apache.coyote.AbstractProtocol.stop Stopping ProtocolHandler ["http-nio-8080"]
21-Jan-2016 12:27:31.188 INFO [main] org.apache.coyote.AbstractProtocol.stop Stopping ProtocolHandler ["ajp-nio-8009"]
21-Jan-2016 12:27:31.262 INFO [main] org.apache.coyote.AbstractProtocol.destroy Destroying ProtocolHandler ["http-nio-8080"]
21-Jan-2016 12:27:31.264 INFO [main] org.apache.coyote.AbstractProtocol.destroy Destroying ProtocolHandler ["ajp-nio-8009"]
21-Jan-2016 12:29:39.508 INFO [main] org.apache.catalina.startup.VersionLoggerListener.log Server version:        Apache Tomcat/8.0.30
21-Jan-2016 12:29:39.512 INFO [main] org.apache.catalina.startup.VersionLoggerListener.log Server built:          Dec 1 2015 22:30:46 UTC
21-Jan-2016 12:29:39.512 INFO [main] org.apache.catalina.startup.VersionLoggerListener.log Server number:         8.0.30.0
21-Jan-2016 12:29:39.513 INFO [main] org.apache.catalina.startup.VersionLoggerListener.log OS Name:               Linux
21-Jan-2016 12:29:39.513 INFO [main] org.apache.catalina.startup.VersionLoggerListener.log OS Version:            2.6.32-042stab111.12
21-Jan-2016 12:29:39.514 INFO [main] org.apache.catalina.startup.VersionLoggerListener.log Architecture:          amd64
21-Jan-2016 12:29:39.514 INFO [main] org.apache.catalina.startup.VersionLoggerListener.log Java Home:             /usr/java/jdk1.7.0_79/jre
21-Jan-2016 12:29:39.515 INFO [main] org.apache.catalina.startup.VersionLoggerListener.log JVM Version:           1.7.0_79-b15
21-Jan-2016 12:29:39.515 INFO [main] org.apache.catalina.startup.VersionLoggerListener.log JVM Vendor:            Oracle Corporation
21-Jan-2016 12:29:39.515 INFO [main] org.apache.catalina.startup.VersionLoggerListener.log CATALINA_BASE:         /opt/repo/versions/8.0.30
21-Jan-2016 12:29:39.516 INFO [main] org.apache.catalina.startup.VersionLoggerListener.log CATALINA_HOME:         /opt/repo/versions/8.0.30
21-Jan-2016 12:29:39.516 INFO [main] org.apache.catalina.startup.VersionLoggerListener.log Command line argument: -Djava.util.logging.config.file=/opt/repo/versions/8.0.30/conf/logging.properties
21-Jan-2016 12:29:39.517 INFO [main] org.apache.catalina.startup.VersionLoggerListener.log Command line argument: -Djava.util.logging.manager=org.apache.juli.ClassLoaderLogManager
21-Jan-2016 12:29:39.517 INFO [main] org.apache.catalina.startup.VersionLoggerListener.log Command line argument: -Xmn30M
21-Jan-2016 12:29:39.517 INFO [main] org.apache.catalina.startup.VersionLoggerListener.log Command line argument: -DReceiverIp=
21-Jan-2016 12:29:39.518 INFO [main] org.apache.catalina.startup.VersionLoggerListener.log Command line argument: -DMagicPort=
21-Jan-2016 12:29:39.518 INFO [main] org.apache.catalina.startup.VersionLoggerListener.log Command line argument: -Djvm=tomcat
21-Jan-2016 12:29:39.518 INFO [main] org.apache.catalina.startup.VersionLoggerListener.log Command line argument: -Xms32M
21-Jan-2016 12:29:39.519 INFO [main] org.apache.catalina.startup.VersionLoggerListener.log Command line argument: -Xmx1501M
21-Jan-2016 12:29:39.519 INFO [main] org.apache.catalina.startup.VersionLoggerListener.log Command line argument: -Djava.awt.headless=true
21-Jan-2016 12:29:39.519 INFO [main] org.apache.catalina.startup.VersionLoggerListener.log Command line argument: -Djava.net.preferIPv4Stack=true
21-Jan-2016 12:29:39.520 INFO [main] org.apache.catalina.startup.VersionLoggerListener.log Command line argument: -DjvmRid=
21-Jan-2016 12:29:39.520 INFO [main] org.apache.catalina.startup.VersionLoggerListener.log Command line argument: -Dorg.apache.catalina.SESSION_COOKIE_NAME=JELSESSIONID
21-Jan-2016 12:29:39.520 INFO [main] org.apache.catalina.startup.VersionLoggerListener.log Command line argument: -Dorg.apache.catalina.SESSION_PARAMETER_NAME=jelsessionid
21-Jan-2016 12:29:39.521 INFO [main] org.apache.catalina.startup.VersionLoggerListener.log Command line argument: -javaagent:/opt/repo/versions/8.0.9/lib/jelastic-gc-agent.jar
21-Jan-2016 12:29:39.521 INFO [main] org.apache.catalina.startup.VersionLoggerListener.log Command line argument: -XX:-UseAdaptiveSizePolicy
21-Jan-2016 12:29:39.522 INFO [main] org.apache.catalina.startup.VersionLoggerListener.log Command line argument: -Xminf0.1
21-Jan-2016 12:29:39.522 INFO [main] org.apache.catalina.startup.VersionLoggerListener.log Command line argument: -Xmaxf0.3
21-Jan-2016 12:29:39.522 INFO [main] org.apache.catalina.startup.VersionLoggerListener.log Command line argument: -XX:MaxPermSize=256m
21-Jan-2016 12:29:39.523 INFO [main] org.apache.catalina.startup.VersionLoggerListener.log Command line argument: -XX:+UseCompressedOops
21-Jan-2016 12:29:39.523 INFO [main] org.apache.catalina.startup.VersionLoggerListener.log Command line argument: -XX:+UseParNewGC
21-Jan-2016 12:29:39.523 INFO [main] org.apache.catalina.startup.VersionLoggerListener.log Command line argument: -Djava.endorsed.dirs=/opt/repo/versions/8.0.30/endorsed
21-Jan-2016 12:29:39.524 INFO [main] org.apache.catalina.startup.VersionLoggerListener.log Command line argument: -Dcatalina.base=/opt/repo/versions/8.0.30
21-Jan-2016 12:29:39.524 INFO [main] org.apache.catalina.startup.VersionLoggerListener.log Command line argument: -Dcatalina.home=/opt/repo/versions/8.0.30
21-Jan-2016 12:29:39.525 INFO [main] org.apache.catalina.startup.VersionLoggerListener.log Command line argument: -Djava.io.tmpdir=/opt/repo/versions/8.0.30/temp
21-Jan-2016 12:29:39.525 INFO [main] org.apache.catalina.core.AprLifecycleListener.lifecycleEvent The APR based Apache Tomcat Native library which allows optimal performance in production environments was not found on the java.library.path: /usr/java/packages/lib/amd64:/usr/lib64:/lib64:/lib:/usr/lib
21-Jan-2016 12:29:40.118 INFO [main] org.apache.coyote.AbstractProtocol.init Initializing ProtocolHandler ["http-nio-8080"]
21-Jan-2016 12:29:40.208 INFO [main] org.apache.tomcat.util.net.NioSelectorPool.getSharedSelector Using a shared selector for servlet write/read
21-Jan-2016 12:29:40.228 INFO [main] org.apache.coyote.AbstractProtocol.init Initializing ProtocolHandler ["ajp-nio-8009"]
21-Jan-2016 12:29:40.231 INFO [main] org.apache.tomcat.util.net.NioSelectorPool.getSharedSelector Using a shared selector for servlet write/read
21-Jan-2016 12:29:40.243 INFO [main] org.apache.catalina.startup.Catalina.load Initialization processed in 2489 ms
21-Jan-2016 12:29:40.341 INFO [main] org.apache.catalina.core.StandardService.startInternal Starting service Catalina
21-Jan-2016 12:29:40.341 INFO [main] org.apache.catalina.core.StandardEngine.startInternal Starting Servlet Engine: Apache Tomcat/8.0.30
21-Jan-2016 12:29:40.445 INFO [localhost-startStop-1] org.apache.catalina.startup.HostConfig.deployWAR Deploying web application archive /opt/repo/versions/8.0.30/webapps/ROOT.war
21-Jan-2016 12:29:42.329 INFO [localhost-startStop-1] org.apache.jasper.servlet.TldScanner.scanJars At least one JAR was scanned for TLDs yet contained no TLDs. Enable debug logging for this logger for a complete list of JARs that were scanned but no TLDs were found in them. Skipping unneeded JARs during scanning can improve startup time and JSP compilation time.
21-Jan-2016 12:29:42.460 INFO [localhost-startStop-1] org.apache.catalina.startup.HostConfig.deployWAR Deployment of web application archive /opt/repo/versions/8.0.30/webapps/ROOT.war has finished in 2,014 ms
21-Jan-2016 12:29:42.473 INFO [localhost-startStop-1] org.apache.catalina.startup.HostConfig.deployDirectory Deploying web application directory /opt/repo/versions/8.0.30/webapps/examples
21-Jan-2016 12:29:43.789 INFO [localhost-startStop-1] org.apache.jasper.servlet.TldScanner.scanJars At least one JAR was scanned for TLDs yet contained no TLDs. Enable debug logging for this logger for a complete list of JARs that were scanned but no TLDs were found in them. Skipping unneeded JARs during scanning can improve startup time and JSP compilation time.
21-Jan-2016 12:29:43.914 INFO [localhost-startStop-1] org.apache.catalina.startup.HostConfig.deployDirectory Deployment of web application directory /opt/repo/versions/8.0.30/webapps/examples has finished in 1,441 ms
21-Jan-2016 12:29:43.922 INFO [localhost-startStop-1] org.apache.catalina.startup.HostConfig.deployDirectory Deploying web application directory /opt/repo/versions/8.0.30/webapps/docs
21-Jan-2016 12:29:44.249 INFO [localhost-startStop-1] org.apache.jasper.servlet.TldScanner.scanJars At least one JAR was scanned for TLDs yet contained no TLDs. Enable debug logging for this logger for a complete list of JARs that were scanned but no TLDs were found in them. Skipping unneeded JARs during scanning can improve startup time and JSP compilation time.
21-Jan-2016 12:29:44.258 INFO [localhost-startStop-1] org.apache.catalina.startup.HostConfig.deployDirectory Deployment of web application directory /opt/repo/versions/8.0.30/webapps/docs has finished in 336 ms
21-Jan-2016 12:29:44.258 INFO [localhost-startStop-1] org.apache.catalina.startup.HostConfig.deployDirectory Deploying web application directory /opt/repo/versions/8.0.30/webapps/manager
21-Jan-2016 12:29:44.356 INFO [localhost-startStop-1] org.apache.jasper.servlet.TldScanner.scanJars At least one JAR was scanned for TLDs yet contained no TLDs. Enable debug logging for this logger for a complete list of JARs that were scanned but no TLDs were found in them. Skipping unneeded JARs during scanning can improve startup time and JSP compilation time.
21-Jan-2016 12:29:44.365 INFO [localhost-startStop-1] org.apache.catalina.startup.HostConfig.deployDirectory Deployment of web application directory /opt/repo/versions/8.0.30/webapps/manager has finished in 106 ms
21-Jan-2016 12:29:44.365 INFO [localhost-startStop-1] org.apache.catalina.startup.HostConfig.deployDirectory Deploying web application directory /opt/repo/versions/8.0.30/webapps/host-manager
21-Jan-2016 12:29:44.485 INFO [localhost-startStop-1] org.apache.jasper.servlet.TldScanner.scanJars At least one JAR was scanned for TLDs yet contained no TLDs. Enable debug logging for this logger for a complete list of JARs that were scanned but no TLDs were found in them. Skipping unneeded JARs during scanning can improve startup time and JSP compilation time.
21-Jan-2016 12:29:44.490 INFO [localhost-startStop-1] org.apache.catalina.startup.HostConfig.deployDirectory Deployment of web application directory /opt/repo/versions/8.0.30/webapps/host-manager has finished in 125 ms
21-Jan-2016 12:29:44.515 INFO [main] org.apache.coyote.AbstractProtocol.start Starting ProtocolHandler ["http-nio-8080"]
21-Jan-2016 12:29:44.552 INFO [main] org.apache.coyote.AbstractProtocol.start Starting ProtocolHandler ["ajp-nio-8009"]
21-Jan-2016 12:29:44.584 INFO [main] org.apache.catalina.startup.Catalina.start Server startup in 4339 ms
21-Jan-2016 12:30:12.187 INFO [main] org.apache.catalina.core.StandardServer.await A valid shutdown command was received via the shutdown port. Stopping the Server instance.
21-Jan-2016 12:30:12.187 INFO [main] org.apache.coyote.AbstractProtocol.pause Pausing ProtocolHandler ["http-nio-8080"]
21-Jan-2016 12:30:12.192 INFO [main] org.apache.coyote.AbstractProtocol.pause Pausing ProtocolHandler ["ajp-nio-8009"]
21-Jan-2016 12:30:12.193 INFO [main] org.apache.catalina.core.StandardService.stopInternal Stopping service Catalina
21-Jan-2016 12:30:12.301 INFO [main] org.apache.coyote.AbstractProtocol.stop Stopping ProtocolHandler ["http-nio-8080"]
21-Jan-2016 12:30:12.303 INFO [main] org.apache.coyote.AbstractProtocol.stop Stopping ProtocolHandler ["ajp-nio-8009"]
21-Jan-2016 12:30:12.305 INFO [main] org.apache.coyote.AbstractProtocol.destroy Destroying ProtocolHandler ["http-nio-8080"]
21-Jan-2016 12:30:12.306 INFO [main] org.apache.coyote.AbstractProtocol.destroy Destroying ProtocolHandler ["ajp-nio-8009"]
21-Jan-2016 12:45:06.751 INFO [main] org.apache.catalina.startup.VersionLoggerListener.log Server version:        Apache Tomcat/8.0.30
21-Jan-2016 12:45:06.754 INFO [main] org.apache.catalina.startup.VersionLoggerListener.log Server built:          Dec 1 2015 22:30:46 UTC
21-Jan-2016 12:45:06.754 INFO [main] org.apache.catalina.startup.VersionLoggerListener.log Server number:         8.0.30.0
21-Jan-2016 12:45:06.754 INFO [main] org.apache.catalina.startup.VersionLoggerListener.log OS Name:               Linux
21-Jan-2016 12:45:06.755 INFO [main] org.apache.catalina.startup.VersionLoggerListener.log OS Version:            2.6.32-042stab111.12
21-Jan-2016 12:45:06.756 INFO [main] org.apache.catalina.startup.VersionLoggerListener.log Architecture:          amd64
21-Jan-2016 12:45:06.756 INFO [main] org.apache.catalina.startup.VersionLoggerListener.log Java Home:             /usr/java/jdk1.7.0_79/jre
21-Jan-2016 12:45:06.756 INFO [main] org.apache.catalina.startup.VersionLoggerListener.log JVM Version:           1.7.0_79-b15
21-Jan-2016 12:45:06.757 INFO [main] org.apache.catalina.startup.VersionLoggerListener.log JVM Vendor:            Oracle Corporation
21-Jan-2016 12:45:06.757 INFO [main] org.apache.catalina.startup.VersionLoggerListener.log CATALINA_BASE:         /opt/repo/versions/8.0.30
21-Jan-2016 12:45:06.758 INFO [main] org.apache.catalina.startup.VersionLoggerListener.log CATALINA_HOME:         /opt/repo/versions/8.0.30
21-Jan-2016 12:45:06.758 INFO [main] org.apache.catalina.startup.VersionLoggerListener.log Command line argument: -Djava.util.logging.config.file=/opt/repo/versions/8.0.30/conf/logging.properties
21-Jan-2016 12:45:06.759 INFO [main] org.apache.catalina.startup.VersionLoggerListener.log Command line argument: -Djava.util.logging.manager=org.apache.juli.ClassLoaderLogManager
21-Jan-2016 12:45:06.759 INFO [main] org.apache.catalina.startup.VersionLoggerListener.log Command line argument: -Xmn30M
21-Jan-2016 12:45:06.759 INFO [main] org.apache.catalina.startup.VersionLoggerListener.log Command line argument: -DReceiverIp=
21-Jan-2016 12:45:06.760 INFO [main] org.apache.catalina.startup.VersionLoggerListener.log Command line argument: -DMagicPort=
21-Jan-2016 12:45:06.760 INFO [main] org.apache.catalina.startup.VersionLoggerListener.log Command line argument: -Djvm=tomcat
21-Jan-2016 12:45:06.760 INFO [main] org.apache.catalina.startup.VersionLoggerListener.log Command line argument: -Xms32M
21-Jan-2016 12:45:06.761 INFO [main] org.apache.catalina.startup.VersionLoggerListener.log Command line argument: -Xmx1501M
21-Jan-2016 12:45:06.761 INFO [main] org.apache.catalina.startup.VersionLoggerListener.log Command line argument: -Djava.awt.headless=true
21-Jan-2016 12:45:06.762 INFO [main] org.apache.catalina.startup.VersionLoggerListener.log Command line argument: -Djava.net.preferIPv4Stack=true
21-Jan-2016 12:45:06.762 INFO [main] org.apache.catalina.startup.VersionLoggerListener.log Command line argument: -DjvmRid=
21-Jan-2016 12:45:06.763 INFO [main] org.apache.catalina.startup.VersionLoggerListener.log Command line argument: -Dorg.apache.catalina.SESSION_COOKIE_NAME=JELSESSIONID
21-Jan-2016 12:45:06.763 INFO [main] org.apache.catalina.startup.VersionLoggerListener.log Command line argument: -Dorg.apache.catalina.SESSION_PARAMETER_NAME=jelsessionid
21-Jan-2016 12:45:06.763 INFO [main] org.apache.catalina.startup.VersionLoggerListener.log Command line argument: -javaagent:/opt/repo/versions/8.0.9/lib/jelastic-gc-agent.jar
21-Jan-2016 12:45:06.764 INFO [main] org.apache.catalina.startup.VersionLoggerListener.log Command line argument: -XX:-UseAdaptiveSizePolicy
21-Jan-2016 12:45:06.764 INFO [main] org.apache.catalina.startup.VersionLoggerListener.log Command line argument: -Xminf0.1
21-Jan-2016 12:45:06.764 INFO [main] org.apache.catalina.startup.VersionLoggerListener.log Command line argument: -Xmaxf0.3
21-Jan-2016 12:45:06.765 INFO [main] org.apache.catalina.startup.VersionLoggerListener.log Command line argument: -XX:MaxPermSize=256m
21-Jan-2016 12:45:06.765 INFO [main] org.apache.catalina.startup.VersionLoggerListener.log Command line argument: -XX:+UseCompressedOops
21-Jan-2016 12:45:06.766 INFO [main] org.apache.catalina.startup.VersionLoggerListener.log Command line argument: -XX:+UseParNewGC
21-Jan-2016 12:45:06.766 INFO [main] org.apache.catalina.startup.VersionLoggerListener.log Command line argument: -Djava.endorsed.dirs=/opt/repo/versions/8.0.30/endorsed
21-Jan-2016 12:45:06.766 INFO [main] org.apache.catalina.startup.VersionLoggerListener.log Command line argument: -Dcatalina.base=/opt/repo/versions/8.0.30
21-Jan-2016 12:45:06.767 INFO [main] org.apache.catalina.startup.VersionLoggerListener.log Command line argument: -Dcatalina.home=/opt/repo/versions/8.0.30
21-Jan-2016 12:45:06.767 INFO [main] org.apache.catalina.startup.VersionLoggerListener.log Command line argument: -Djava.io.tmpdir=/opt/repo/versions/8.0.30/temp
21-Jan-2016 12:45:06.767 INFO [main] org.apache.catalina.core.AprLifecycleListener.lifecycleEvent The APR based Apache Tomcat Native library which allows optimal performance in production environments was not found on the java.library.path: /usr/java/packages/lib/amd64:/usr/lib64:/lib64:/lib:/usr/lib
21-Jan-2016 12:45:07.351 INFO [main] org.apache.coyote.AbstractProtocol.init Initializing ProtocolHandler ["http-nio-8080"]
21-Jan-2016 12:45:07.434 INFO [main] org.apache.tomcat.util.net.NioSelectorPool.getSharedSelector Using a shared selector for servlet write/read
21-Jan-2016 12:45:07.456 INFO [main] org.apache.coyote.AbstractProtocol.init Initializing ProtocolHandler ["ajp-nio-8009"]
21-Jan-2016 12:45:07.459 INFO [main] org.apache.tomcat.util.net.NioSelectorPool.getSharedSelector Using a shared selector for servlet write/read
21-Jan-2016 12:45:07.467 INFO [main] org.apache.catalina.startup.Catalina.load Initialization processed in 2294 ms
21-Jan-2016 12:45:07.566 INFO [main] org.apache.catalina.core.StandardService.startInternal Starting service Catalina
21-Jan-2016 12:45:07.566 INFO [main] org.apache.catalina.core.StandardEngine.startInternal Starting Servlet Engine: Apache Tomcat/8.0.30
21-Jan-2016 12:45:07.695 INFO [localhost-startStop-1] org.apache.catalina.startup.HostConfig.deployWAR Deploying web application archive /opt/repo/versions/8.0.30/webapps/ROOT.war
21-Jan-2016 12:45:09.122 INFO [localhost-startStop-1] org.apache.jasper.servlet.TldScanner.scanJars At least one JAR was scanned for TLDs yet contained no TLDs. Enable debug logging for this logger for a complete list of JARs that were scanned but no TLDs were found in them. Skipping unneeded JARs during scanning can improve startup time and JSP compilation time.
21-Jan-2016 12:45:09.198 INFO [localhost-startStop-1] org.apache.catalina.startup.HostConfig.deployWAR Deployment of web application archive /opt/repo/versions/8.0.30/webapps/ROOT.war has finished in 1,502 ms
21-Jan-2016 12:45:09.200 INFO [localhost-startStop-1] org.apache.catalina.startup.HostConfig.deployDirectory Deploying web application directory /opt/repo/versions/8.0.30/webapps/examples
21-Jan-2016 12:45:10.009 INFO [localhost-startStop-1] org.apache.jasper.servlet.TldScanner.scanJars At least one JAR was scanned for TLDs yet contained no TLDs. Enable debug logging for this logger for a complete list of JARs that were scanned but no TLDs were found in them. Skipping unneeded JARs during scanning can improve startup time and JSP compilation time.
21-Jan-2016 12:45:10.239 INFO [localhost-startStop-1] org.apache.catalina.startup.HostConfig.deployDirectory Deployment of web application directory /opt/repo/versions/8.0.30/webapps/examples has finished in 1,038 ms
21-Jan-2016 12:45:10.239 INFO [localhost-startStop-1] org.apache.catalina.startup.HostConfig.deployDirectory Deploying web application directory /opt/repo/versions/8.0.30/webapps/docs
21-Jan-2016 12:45:10.309 INFO [localhost-startStop-1] org.apache.jasper.servlet.TldScanner.scanJars At least one JAR was scanned for TLDs yet contained no TLDs. Enable debug logging for this logger for a complete list of JARs that were scanned but no TLDs were found in them. Skipping unneeded JARs during scanning can improve startup time and JSP compilation time.
21-Jan-2016 12:45:10.312 INFO [localhost-startStop-1] org.apache.catalina.startup.HostConfig.deployDirectory Deployment of web application directory /opt/repo/versions/8.0.30/webapps/docs has finished in 73 ms
21-Jan-2016 12:45:10.313 INFO [localhost-startStop-1] org.apache.catalina.startup.HostConfig.deployDirectory Deploying web application directory /opt/repo/versions/8.0.30/webapps/manager
21-Jan-2016 12:45:10.368 INFO [localhost-startStop-1] org.apache.jasper.servlet.TldScanner.scanJars At least one JAR was scanned for TLDs yet contained no TLDs. Enable debug logging for this logger for a complete list of JARs that were scanned but no TLDs were found in them. Skipping unneeded JARs during scanning can improve startup time and JSP compilation time.
21-Jan-2016 12:45:10.374 INFO [localhost-startStop-1] org.apache.catalina.startup.HostConfig.deployDirectory Deployment of web application directory /opt/repo/versions/8.0.30/webapps/manager has finished in 60 ms
21-Jan-2016 12:45:10.374 INFO [localhost-startStop-1] org.apache.catalina.startup.HostConfig.deployDirectory Deploying web application directory /opt/repo/versions/8.0.30/webapps/host-manager
21-Jan-2016 12:45:10.453 INFO [localhost-startStop-1] org.apache.jasper.servlet.TldScanner.scanJars At least one JAR was scanned for TLDs yet contained no TLDs. Enable debug logging for this logger for a complete list of JARs that were scanned but no TLDs were found in them. Skipping unneeded JARs during scanning can improve startup time and JSP compilation time.
21-Jan-2016 12:45:10.466 INFO [localhost-startStop-1] org.apache.catalina.startup.HostConfig.deployDirectory Deployment of web application directory /opt/repo/versions/8.0.30/webapps/host-manager has finished in 92 ms
21-Jan-2016 12:45:10.502 INFO [main] org.apache.coyote.AbstractProtocol.start Starting ProtocolHandler ["http-nio-8080"]
21-Jan-2016 12:45:10.535 INFO [main] org.apache.coyote.AbstractProtocol.start Starting ProtocolHandler ["ajp-nio-8009"]
21-Jan-2016 12:45:10.561 INFO [main] org.apache.catalina.startup.Catalina.start Server startup in 3093 ms
21-Jan-2016 12:45:17.934 INFO [main] org.apache.catalina.core.StandardServer.await A valid shutdown command was received via the shutdown port. Stopping the Server instance.
21-Jan-2016 12:45:17.935 INFO [main] org.apache.coyote.AbstractProtocol.pause Pausing ProtocolHandler ["http-nio-8080"]
21-Jan-2016 12:45:17.940 INFO [main] org.apache.coyote.AbstractProtocol.pause Pausing ProtocolHandler ["ajp-nio-8009"]
21-Jan-2016 12:45:17.941 INFO [main] org.apache.catalina.core.StandardService.stopInternal Stopping service Catalina
21-Jan-2016 12:45:18.032 INFO [main] org.apache.coyote.AbstractProtocol.stop Stopping ProtocolHandler ["http-nio-8080"]
21-Jan-2016 12:45:18.034 INFO [main] org.apache.coyote.AbstractProtocol.stop Stopping ProtocolHandler ["ajp-nio-8009"]
21-Jan-2016 12:45:18.036 INFO [main] org.apache.coyote.AbstractProtocol.destroy Destroying ProtocolHandler ["http-nio-8080"]
21-Jan-2016 12:45:18.037 INFO [main] org.apache.coyote.AbstractProtocol.destroy Destroying ProtocolHandler ["ajp-nio-8009"]
21-Jan-2016 12:46:04.096 INFO [main] org.apache.catalina.startup.VersionLoggerListener.log Server version:        Apache Tomcat/8.0.30
21-Jan-2016 12:46:04.100 INFO [main] org.apache.catalina.startup.VersionLoggerListener.log Server built:          Dec 1 2015 22:30:46 UTC
21-Jan-2016 12:46:04.100 INFO [main] org.apache.catalina.startup.VersionLoggerListener.log Server number:         8.0.30.0
21-Jan-2016 12:46:04.100 INFO [main] org.apache.catalina.startup.VersionLoggerListener.log OS Name:               Linux
21-Jan-2016 12:46:04.101 INFO [main] org.apache.catalina.startup.VersionLoggerListener.log OS Version:            2.6.32-042stab111.12
21-Jan-2016 12:46:04.101 INFO [main] org.apache.catalina.startup.VersionLoggerListener.log Architecture:          amd64
21-Jan-2016 12:46:04.102 INFO [main] org.apache.catalina.startup.VersionLoggerListener.log Java Home:             /usr/java/jdk1.7.0_79/jre
21-Jan-2016 12:46:04.102 INFO [main] org.apache.catalina.startup.VersionLoggerListener.log JVM Version:           1.7.0_79-b15
21-Jan-2016 12:46:04.103 INFO [main] org.apache.catalina.startup.VersionLoggerListener.log JVM Vendor:            Oracle Corporation
21-Jan-2016 12:46:04.103 INFO [main] org.apache.catalina.startup.VersionLoggerListener.log CATALINA_BASE:         /opt/repo/versions/8.0.30
21-Jan-2016 12:46:04.103 INFO [main] org.apache.catalina.startup.VersionLoggerListener.log CATALINA_HOME:         /opt/repo/versions/8.0.30
21-Jan-2016 12:46:04.104 INFO [main] org.apache.catalina.startup.VersionLoggerListener.log Command line argument: -Djava.util.logging.config.file=/opt/repo/versions/8.0.30/conf/logging.properties
21-Jan-2016 12:46:04.104 INFO [main] org.apache.catalina.startup.VersionLoggerListener.log Command line argument: -Djava.util.logging.manager=org.apache.juli.ClassLoaderLogManager
21-Jan-2016 12:46:04.105 INFO [main] org.apache.catalina.startup.VersionLoggerListener.log Command line argument: -Xmn30M
21-Jan-2016 12:46:04.105 INFO [main] org.apache.catalina.startup.VersionLoggerListener.log Command line argument: -DReceiverIp=
21-Jan-2016 12:46:04.106 INFO [main] org.apache.catalina.startup.VersionLoggerListener.log Command line argument: -DMagicPort=
21-Jan-2016 12:46:04.106 INFO [main] org.apache.catalina.startup.VersionLoggerListener.log Command line argument: -Djvm=tomcat
21-Jan-2016 12:46:04.106 INFO [main] org.apache.catalina.startup.VersionLoggerListener.log Command line argument: -Xms32M
21-Jan-2016 12:46:04.107 INFO [main] org.apache.catalina.startup.VersionLoggerListener.log Command line argument: -Xmx1501M
21-Jan-2016 12:46:04.107 INFO [main] org.apache.catalina.startup.VersionLoggerListener.log Command line argument: -Djava.awt.headless=true
21-Jan-2016 12:46:04.107 INFO [main] org.apache.catalina.startup.VersionLoggerListener.log Command line argument: -Djava.net.preferIPv4Stack=true
21-Jan-2016 12:46:04.108 INFO [main] org.apache.catalina.startup.VersionLoggerListener.log Command line argument: -DjvmRid=
21-Jan-2016 12:46:04.108 INFO [main] org.apache.catalina.startup.VersionLoggerListener.log Command line argument: -Dorg.apache.catalina.SESSION_COOKIE_NAME=JELSESSIONID
21-Jan-2016 12:46:04.108 INFO [main] org.apache.catalina.startup.VersionLoggerListener.log Command line argument: -Dorg.apache.catalina.SESSION_PARAMETER_NAME=jelsessionid
21-Jan-2016 12:46:04.109 INFO [main] org.apache.catalina.startup.VersionLoggerListener.log Command line argument: -javaagent:/opt/repo/versions/8.0.9/lib/jelastic-gc-agent.jar
21-Jan-2016 12:46:04.109 INFO [main] org.apache.catalina.startup.VersionLoggerListener.log Command line argument: -XX:-UseAdaptiveSizePolicy
21-Jan-2016 12:46:04.109 INFO [main] org.apache.catalina.startup.VersionLoggerListener.log Command line argument: -Xminf0.1
21-Jan-2016 12:46:04.110 INFO [main] org.apache.catalina.startup.VersionLoggerListener.log Command line argument: -Xmaxf0.3
21-Jan-2016 12:46:04.110 INFO [main] org.apache.catalina.startup.VersionLoggerListener.log Command line argument: -XX:MaxPermSize=256m
21-Jan-2016 12:46:04.111 INFO [main] org.apache.catalina.startup.VersionLoggerListener.log Command line argument: -XX:+UseCompressedOops
21-Jan-2016 12:46:04.111 INFO [main] org.apache.catalina.startup.VersionLoggerListener.log Command line argument: -XX:+UseParNewGC
21-Jan-2016 12:46:04.112 INFO [main] org.apache.catalina.startup.VersionLoggerListener.log Command line argument: -Djava.endorsed.dirs=/opt/repo/versions/8.0.30/endorsed
21-Jan-2016 12:46:04.112 INFO [main] org.apache.catalina.startup.VersionLoggerListener.log Command line argument: -Dcatalina.base=/opt/repo/versions/8.0.30
21-Jan-2016 12:46:04.112 INFO [main] org.apache.catalina.startup.VersionLoggerListener.log Command line argument: -Dcatalina.home=/opt/repo/versions/8.0.30
21-Jan-2016 12:46:04.113 INFO [main] org.apache.catalina.startup.VersionLoggerListener.log Command line argument: -Djava.io.tmpdir=/opt/repo/versions/8.0.30/temp
21-Jan-2016 12:46:04.113 INFO [main] org.apache.catalina.core.AprLifecycleListener.lifecycleEvent The APR based Apache Tomcat Native library which allows optimal performance in production environments was not found on the java.library.path: /usr/java/packages/lib/amd64:/usr/lib64:/lib64:/lib:/usr/lib
21-Jan-2016 12:46:04.723 INFO [main] org.apache.coyote.AbstractProtocol.init Initializing ProtocolHandler ["http-nio-8080"]
21-Jan-2016 12:46:04.810 INFO [main] org.apache.tomcat.util.net.NioSelectorPool.getSharedSelector Using a shared selector for servlet write/read
21-Jan-2016 12:46:04.821 INFO [main] org.apache.coyote.AbstractProtocol.init Initializing ProtocolHandler ["ajp-nio-8009"]
21-Jan-2016 12:46:04.825 INFO [main] org.apache.tomcat.util.net.NioSelectorPool.getSharedSelector Using a shared selector for servlet write/read
21-Jan-2016 12:46:04.840 INFO [main] org.apache.catalina.startup.Catalina.load Initialization processed in 2597 ms
21-Jan-2016 12:46:04.918 INFO [main] org.apache.catalina.core.StandardService.startInternal Starting service Catalina
21-Jan-2016 12:46:04.918 INFO [main] org.apache.catalina.core.StandardEngine.startInternal Starting Servlet Engine: Apache Tomcat/8.0.30
21-Jan-2016 12:46:05.028 INFO [localhost-startStop-1] org.apache.catalina.startup.HostConfig.deployWAR Deploying web application archive /opt/repo/versions/8.0.30/webapps/ROOT.war
21-Jan-2016 12:46:06.663 INFO [localhost-startStop-1] org.apache.jasper.servlet.TldScanner.scanJars At least one JAR was scanned for TLDs yet contained no TLDs. Enable debug logging for this logger for a complete list of JARs that were scanned but no TLDs were found in them. Skipping unneeded JARs during scanning can improve startup time and JSP compilation time.
21-Jan-2016 12:46:06.852 INFO [localhost-startStop-1] org.apache.catalina.startup.HostConfig.deployWAR Deployment of web application archive /opt/repo/versions/8.0.30/webapps/ROOT.war has finished in 1,824 ms
21-Jan-2016 12:46:06.854 INFO [localhost-startStop-1] org.apache.catalina.startup.HostConfig.deployDirectory Deploying web application directory /opt/repo/versions/8.0.30/webapps/examples
21-Jan-2016 12:46:07.840 INFO [localhost-startStop-1] org.apache.jasper.servlet.TldScanner.scanJars At least one JAR was scanned for TLDs yet contained no TLDs. Enable debug logging for this logger for a complete list of JARs that were scanned but no TLDs were found in them. Skipping unneeded JARs during scanning can improve startup time and JSP compilation time.
21-Jan-2016 12:46:08.125 INFO [localhost-startStop-1] org.apache.catalina.startup.HostConfig.deployDirectory Deployment of web application directory /opt/repo/versions/8.0.30/webapps/examples has finished in 1,271 ms
21-Jan-2016 12:46:08.125 INFO [localhost-startStop-1] org.apache.catalina.startup.HostConfig.deployDirectory Deploying web application directory /opt/repo/versions/8.0.30/webapps/docs
21-Jan-2016 12:46:08.193 INFO [localhost-startStop-1] org.apache.jasper.servlet.TldScanner.scanJars At least one JAR was scanned for TLDs yet contained no TLDs. Enable debug logging for this logger for a complete list of JARs that were scanned but no TLDs were found in them. Skipping unneeded JARs during scanning can improve startup time and JSP compilation time.
21-Jan-2016 12:46:08.199 INFO [localhost-startStop-1] org.apache.catalina.startup.HostConfig.deployDirectory Deployment of web application directory /opt/repo/versions/8.0.30/webapps/docs has finished in 73 ms
21-Jan-2016 12:46:08.199 INFO [localhost-startStop-1] org.apache.catalina.startup.HostConfig.deployDirectory Deploying web application directory /opt/repo/versions/8.0.30/webapps/manager
21-Jan-2016 12:46:08.250 INFO [localhost-startStop-1] org.apache.jasper.servlet.TldScanner.scanJars At least one JAR was scanned for TLDs yet contained no TLDs. Enable debug logging for this logger for a complete list of JARs that were scanned but no TLDs were found in them. Skipping unneeded JARs during scanning can improve startup time and JSP compilation time.
21-Jan-2016 12:46:08.256 INFO [localhost-startStop-1] org.apache.catalina.startup.HostConfig.deployDirectory Deployment of web application directory /opt/repo/versions/8.0.30/webapps/manager has finished in 57 ms
21-Jan-2016 12:46:08.256 INFO [localhost-startStop-1] org.apache.catalina.startup.HostConfig.deployDirectory Deploying web application directory /opt/repo/versions/8.0.30/webapps/host-manager
21-Jan-2016 12:46:08.338 INFO [localhost-startStop-1] org.apache.jasper.servlet.TldScanner.scanJars At least one JAR was scanned for TLDs yet contained no TLDs. Enable debug logging for this logger for a complete list of JARs that were scanned but no TLDs were found in them. Skipping unneeded JARs during scanning can improve startup time and JSP compilation time.
21-Jan-2016 12:46:08.356 INFO [localhost-startStop-1] org.apache.catalina.startup.HostConfig.deployDirectory Deployment of web application directory /opt/repo/versions/8.0.30/webapps/host-manager has finished in 100 ms
21-Jan-2016 12:46:08.385 INFO [main] org.apache.coyote.AbstractProtocol.start Starting ProtocolHandler ["http-nio-8080"]
21-Jan-2016 12:46:08.424 INFO [main] org.apache.coyote.AbstractProtocol.start Starting ProtocolHandler ["ajp-nio-8009"]
21-Jan-2016 12:46:08.442 INFO [main] org.apache.catalina.startup.Catalina.start Server startup in 3601 ms
21-Jan-2016 12:47:01.747 INFO [main] org.apache.catalina.core.StandardServer.await A valid shutdown command was received via the shutdown port. Stopping the Server instance.
21-Jan-2016 12:47:01.749 INFO [main] org.apache.coyote.AbstractProtocol.pause Pausing ProtocolHandler ["http-nio-8080"]
21-Jan-2016 12:47:01.757 INFO [main] org.apache.coyote.AbstractProtocol.pause Pausing ProtocolHandler ["ajp-nio-8009"]
21-Jan-2016 12:47:01.758 INFO [main] org.apache.catalina.core.StandardService.stopInternal Stopping service Catalina
21-Jan-2016 12:47:01.873 INFO [main] org.apache.coyote.AbstractProtocol.stop Stopping ProtocolHandler ["http-nio-8080"]
21-Jan-2016 12:47:01.875 INFO [main] org.apache.coyote.AbstractProtocol.stop Stopping ProtocolHandler ["ajp-nio-8009"]
21-Jan-2016 12:47:01.887 INFO [main] org.apache.coyote.AbstractProtocol.destroy Destroying ProtocolHandler ["http-nio-8080"]
21-Jan-2016 12:47:01.889 INFO [main] org.apache.coyote.AbstractProtocol.destroy Destroying ProtocolHandler ["ajp-nio-8009"]
21-Jan-2016 12:47:27.334 INFO [main] org.apache.catalina.startup.VersionLoggerListener.log Server version:        Apache Tomcat/8.0.30
21-Jan-2016 12:47:27.336 INFO [main] org.apache.catalina.startup.VersionLoggerListener.log Server built:          Dec 1 2015 22:30:46 UTC
21-Jan-2016 12:47:27.337 INFO [main] org.apache.catalina.startup.VersionLoggerListener.log Server number:         8.0.30.0
21-Jan-2016 12:47:27.337 INFO [main] org.apache.catalina.startup.VersionLoggerListener.log OS Name:               Linux
21-Jan-2016 12:47:27.337 INFO [main] org.apache.catalina.startup.VersionLoggerListener.log OS Version:            2.6.32-042stab111.12
21-Jan-2016 12:47:27.338 INFO [main] org.apache.catalina.startup.VersionLoggerListener.log Architecture:          amd64
21-Jan-2016 12:47:27.338 INFO [main] org.apache.catalina.startup.VersionLoggerListener.log Java Home:             /usr/java/jdk1.7.0_79/jre
21-Jan-2016 12:47:27.338 INFO [main] org.apache.catalina.startup.VersionLoggerListener.log JVM Version:           1.7.0_79-b15
21-Jan-2016 12:47:27.339 INFO [main] org.apache.catalina.startup.VersionLoggerListener.log JVM Vendor:            Oracle Corporation
21-Jan-2016 12:47:27.339 INFO [main] org.apache.catalina.startup.VersionLoggerListener.log CATALINA_BASE:         /opt/repo/versions/8.0.30
21-Jan-2016 12:47:27.339 INFO [main] org.apache.catalina.startup.VersionLoggerListener.log CATALINA_HOME:         /opt/repo/versions/8.0.30
21-Jan-2016 12:47:27.340 INFO [main] org.apache.catalina.startup.VersionLoggerListener.log Command line argument: -Djava.util.logging.config.file=/opt/repo/versions/8.0.30/conf/logging.properties
21-Jan-2016 12:47:27.340 INFO [main] org.apache.catalina.startup.VersionLoggerListener.log Command line argument: -Djava.util.logging.manager=org.apache.juli.ClassLoaderLogManager
21-Jan-2016 12:47:27.341 INFO [main] org.apache.catalina.startup.VersionLoggerListener.log Command line argument: -Xmn30M
21-Jan-2016 12:47:27.341 INFO [main] org.apache.catalina.startup.VersionLoggerListener.log Command line argument: -DReceiverIp=
21-Jan-2016 12:47:27.341 INFO [main] org.apache.catalina.startup.VersionLoggerListener.log Command line argument: -DMagicPort=
21-Jan-2016 12:47:27.342 INFO [main] org.apache.catalina.startup.VersionLoggerListener.log Command line argument: -Djvm=tomcat
21-Jan-2016 12:47:27.342 INFO [main] org.apache.catalina.startup.VersionLoggerListener.log Command line argument: -Xms32M
21-Jan-2016 12:47:27.342 INFO [main] org.apache.catalina.startup.VersionLoggerListener.log Command line argument: -Xmx1501M
21-Jan-2016 12:47:27.343 INFO [main] org.apache.catalina.startup.VersionLoggerListener.log Command line argument: -Djava.awt.headless=true
21-Jan-2016 12:47:27.343 INFO [main] org.apache.catalina.startup.VersionLoggerListener.log Command line argument: -Djava.net.preferIPv4Stack=true
21-Jan-2016 12:47:27.343 INFO [main] org.apache.catalina.startup.VersionLoggerListener.log Command line argument: -DjvmRid=
21-Jan-2016 12:47:27.343 INFO [main] org.apache.catalina.startup.VersionLoggerListener.log Command line argument: -Dorg.apache.catalina.SESSION_COOKIE_NAME=JELSESSIONID
21-Jan-2016 12:47:27.344 INFO [main] org.apache.catalina.startup.VersionLoggerListener.log Command line argument: -Dorg.apache.catalina.SESSION_PARAMETER_NAME=jelsessionid
21-Jan-2016 12:47:27.344 INFO [main] org.apache.catalina.startup.VersionLoggerListener.log Command line argument: -javaagent:/opt/repo/versions/8.0.9/lib/jelastic-gc-agent.jar
21-Jan-2016 12:47:27.344 INFO [main] org.apache.catalina.startup.VersionLoggerListener.log Command line argument: -XX:-UseAdaptiveSizePolicy
21-Jan-2016 12:47:27.345 INFO [main] org.apache.catalina.startup.VersionLoggerListener.log Command line argument: -Xminf0.1
21-Jan-2016 12:47:27.345 INFO [main] org.apache.catalina.startup.VersionLoggerListener.log Command line argument: -Xmaxf0.3
21-Jan-2016 12:47:27.346 INFO [main] org.apache.catalina.startup.VersionLoggerListener.log Command line argument: -XX:MaxPermSize=256m
21-Jan-2016 12:47:27.346 INFO [main] org.apache.catalina.startup.VersionLoggerListener.log Command line argument: -XX:+UseCompressedOops
21-Jan-2016 12:47:27.346 INFO [main] org.apache.catalina.startup.VersionLoggerListener.log Command line argument: -XX:+UseParNewGC
21-Jan-2016 12:47:27.347 INFO [main] org.apache.catalina.startup.VersionLoggerListener.log Command line argument: -Djava.endorsed.dirs=/opt/repo/versions/8.0.30/endorsed
21-Jan-2016 12:47:27.347 INFO [main] org.apache.catalina.startup.VersionLoggerListener.log Command line argument: -Dcatalina.base=/opt/repo/versions/8.0.30
21-Jan-2016 12:47:27.348 INFO [main] org.apache.catalina.startup.VersionLoggerListener.log Command line argument: -Dcatalina.home=/opt/repo/versions/8.0.30
21-Jan-2016 12:47:27.348 INFO [main] org.apache.catalina.startup.VersionLoggerListener.log Command line argument: -Djava.io.tmpdir=/opt/repo/versions/8.0.30/temp
21-Jan-2016 12:47:27.349 INFO [main] org.apache.catalina.core.AprLifecycleListener.lifecycleEvent The APR based Apache Tomcat Native library which allows optimal performance in production environments was not found on the java.library.path: /usr/java/packages/lib/amd64:/usr/lib64:/lib64:/lib:/usr/lib
21-Jan-2016 12:47:27.875 INFO [main] org.apache.coyote.AbstractProtocol.init Initializing ProtocolHandler ["http-nio-8080"]
21-Jan-2016 12:47:27.963 INFO [main] org.apache.tomcat.util.net.NioSelectorPool.getSharedSelector Using a shared selector for servlet write/read
21-Jan-2016 12:47:27.992 INFO [main] org.apache.coyote.AbstractProtocol.init Initializing ProtocolHandler ["ajp-nio-8009"]
21-Jan-2016 12:47:27.995 INFO [main] org.apache.tomcat.util.net.NioSelectorPool.getSharedSelector Using a shared selector for servlet write/read
21-Jan-2016 12:47:28.003 INFO [main] org.apache.catalina.startup.Catalina.load Initialization processed in 2112 ms
21-Jan-2016 12:47:28.088 INFO [main] org.apache.catalina.core.StandardService.startInternal Starting service Catalina
21-Jan-2016 12:47:28.100 INFO [main] org.apache.catalina.core.StandardEngine.startInternal Starting Servlet Engine: Apache Tomcat/8.0.30
21-Jan-2016 12:47:28.215 INFO [localhost-startStop-1] org.apache.catalina.startup.HostConfig.deployWAR Deploying web application archive /opt/repo/versions/8.0.30/webapps/ROOT.war
21-Jan-2016 12:47:29.671 INFO [localhost-startStop-1] org.apache.jasper.servlet.TldScanner.scanJars At least one JAR was scanned for TLDs yet contained no TLDs. Enable debug logging for this logger for a complete list of JARs that were scanned but no TLDs were found in them. Skipping unneeded JARs during scanning can improve startup time and JSP compilation time.
21-Jan-2016 12:47:29.765 INFO [localhost-startStop-1] org.apache.catalina.startup.HostConfig.deployWAR Deployment of web application archive /opt/repo/versions/8.0.30/webapps/ROOT.war has finished in 1,549 ms
21-Jan-2016 12:47:29.766 INFO [localhost-startStop-1] org.apache.catalina.startup.HostConfig.deployDirectory Deploying web application directory /opt/repo/versions/8.0.30/webapps/examples
21-Jan-2016 12:47:30.605 INFO [localhost-startStop-1] org.apache.jasper.servlet.TldScanner.scanJars At least one JAR was scanned for TLDs yet contained no TLDs. Enable debug logging for this logger for a complete list of JARs that were scanned but no TLDs were found in them. Skipping unneeded JARs during scanning can improve startup time and JSP compilation time.
21-Jan-2016 12:47:30.837 INFO [localhost-startStop-1] org.apache.catalina.startup.HostConfig.deployDirectory Deployment of web application directory /opt/repo/versions/8.0.30/webapps/examples has finished in 1,071 ms
21-Jan-2016 12:47:30.838 INFO [localhost-startStop-1] org.apache.catalina.startup.HostConfig.deployDirectory Deploying web application directory /opt/repo/versions/8.0.30/webapps/docs
21-Jan-2016 12:47:30.900 INFO [localhost-startStop-1] org.apache.jasper.servlet.TldScanner.scanJars At least one JAR was scanned for TLDs yet contained no TLDs. Enable debug logging for this logger for a complete list of JARs that were scanned but no TLDs were found in them. Skipping unneeded JARs during scanning can improve startup time and JSP compilation time.
21-Jan-2016 12:47:30.903 INFO [localhost-startStop-1] org.apache.catalina.startup.HostConfig.deployDirectory Deployment of web application directory /opt/repo/versions/8.0.30/webapps/docs has finished in 65 ms
21-Jan-2016 12:47:30.904 INFO [localhost-startStop-1] org.apache.catalina.startup.HostConfig.deployDirectory Deploying web application directory /opt/repo/versions/8.0.30/webapps/manager
21-Jan-2016 12:47:30.955 INFO [localhost-startStop-1] org.apache.jasper.servlet.TldScanner.scanJars At least one JAR was scanned for TLDs yet contained no TLDs. Enable debug logging for this logger for a complete list of JARs that were scanned but no TLDs were found in them. Skipping unneeded JARs during scanning can improve startup time and JSP compilation time.
21-Jan-2016 12:47:30.961 INFO [localhost-startStop-1] org.apache.catalina.startup.HostConfig.deployDirectory Deployment of web application directory /opt/repo/versions/8.0.30/webapps/manager has finished in 56 ms
21-Jan-2016 12:47:30.961 INFO [localhost-startStop-1] org.apache.catalina.startup.HostConfig.deployDirectory Deploying web application directory /opt/repo/versions/8.0.30/webapps/host-manager
21-Jan-2016 12:47:31.049 INFO [localhost-startStop-1] org.apache.jasper.servlet.TldScanner.scanJars At least one JAR was scanned for TLDs yet contained no TLDs. Enable debug logging for this logger for a complete list of JARs that were scanned but no TLDs were found in them. Skipping unneeded JARs during scanning can improve startup time and JSP compilation time.
21-Jan-2016 12:47:31.053 INFO [localhost-startStop-1] org.apache.catalina.startup.HostConfig.deployDirectory Deployment of web application directory /opt/repo/versions/8.0.30/webapps/host-manager has finished in 92 ms
21-Jan-2016 12:47:31.089 INFO [main] org.apache.coyote.AbstractProtocol.start Starting ProtocolHandler ["http-nio-8080"]
21-Jan-2016 12:47:31.126 INFO [main] org.apache.coyote.AbstractProtocol.start Starting ProtocolHandler ["ajp-nio-8009"]
21-Jan-2016 12:47:31.145 INFO [main] org.apache.catalina.startup.Catalina.start Server startup in 3141 ms
21-Jan-2016 12:49:28.664 INFO [main] org.apache.catalina.core.StandardServer.await A valid shutdown command was received via the shutdown port. Stopping the Server instance.
21-Jan-2016 12:49:28.664 INFO [main] org.apache.coyote.AbstractProtocol.pause Pausing ProtocolHandler ["http-nio-8080"]
21-Jan-2016 12:49:28.670 INFO [main] org.apache.coyote.AbstractProtocol.pause Pausing ProtocolHandler ["ajp-nio-8009"]
21-Jan-2016 12:49:28.670 INFO [main] org.apache.catalina.core.StandardService.stopInternal Stopping service Catalina
21-Jan-2016 12:49:28.767 INFO [main] org.apache.coyote.AbstractProtocol.stop Stopping ProtocolHandler ["http-nio-8080"]
21-Jan-2016 12:49:28.770 INFO [main] org.apache.coyote.AbstractProtocol.stop Stopping ProtocolHandler ["ajp-nio-8009"]
21-Jan-2016 12:49:28.772 INFO [main] org.apache.coyote.AbstractProtocol.destroy Destroying ProtocolHandler ["http-nio-8080"]
21-Jan-2016 12:49:28.774 INFO [main] org.apache.coyote.AbstractProtocol.destroy Destroying ProtocolHandler ["ajp-nio-8009"]
